
4월 20, 2022 15:22:49.697 NEW SESSION
4월 20, 2022 15:22:49.697 [4260:7524:0420/152249.696:ERROR:device_event_log_impl.cc(214)] [15:22:49.695] USB: usb_device_handle_win.cc:1049 Failed to read descriptor from node connection: 시스템에 부착된 장치가 작동하지 않습니다. (0x1F)
4월 20, 2022 15:22:49.698 [4260:7524:0420/152249.698:ERROR:device_event_log_impl.cc(214)] [15:22:49.697] USB: usb_device_handle_win.cc:1049 Failed to read descriptor from node connection: 시스템에 부착된 장치가 작동하지 않습니다. (0x1F)
4월 20, 2022 15:22:49.699 [4260:7524:0420/152249.698:ERROR:device_event_log_impl.cc(214)] [15:22:49.698] USB: usb_device_handle_win.cc:1049 Failed to read descriptor from node connection: 시스템에 부착된 장치가 작동하지 않습니다. (0x1F)

4월 20, 2022 15:49:04.763 NEW SESSION
4월 20, 2022 15:49:04.763 [9748:14972:0420/154904.761:ERROR:device_event_log_impl.cc(214)] [15:49:04.761] USB: usb_device_handle_win.cc:1049 Failed to read descriptor from node connection: 시스템에 부착된 장치가 작동하지 않습니다. (0x1F)
4월 20, 2022 15:49:04.765 [9748:14972:0420/154904.765:ERROR:device_event_log_impl.cc(214)] [15:49:04.765] USB: usb_device_handle_win.cc:1049 Failed to read descriptor from node connection: 시스템에 부착된 장치가 작동하지 않습니다. (0x1F)
4월 20, 2022 15:49:04.766 [9748:14972:0420/154904.765:ERROR:device_event_log_impl.cc(214)] [15:49:04.765] USB: usb_device_handle_win.cc:1049 Failed to read descriptor from node connection: 시스템에 부착된 장치가 작동하지 않습니다. (0x1F)
4월 20, 2022 15:51:00.181 [16908:10580:0420/155100.180:ERROR:device_event_log_impl.cc(214)] [15:51:00.181] USB: usb_device_handle_win.cc:1049 Failed to read descriptor from node connection: 시스템에 부착된 장치가 작동하지 않습니다. (0x1F)
4월 20, 2022 15:51:00.184 [16908:10580:0420/155100.184:ERROR:device_event_log_impl.cc(214)] [15:51:00.184] USB: usb_device_handle_win.cc:1049 Failed to read descriptor from node connection: 시스템에 부착된 장치가 작동하지 않습니다. (0x1F)
4월 20, 2022 15:51:00.184 [16908:10580:0420/155100.184:ERROR:device_event_log_impl.cc(214)] [15:51:00.184] USB: usb_device_handle_win.cc:1049 Failed to read descriptor from node connection: 시스템에 부착된 장치가 작동하지 않습니다. (0x1F)
4월 20, 2022 15:56:26.102 [14004:1060:0420/155626.102:ERROR:device_event_log_impl.cc(214)] [15:56:26.103] USB: usb_device_handle_win.cc:1049 Failed to read descriptor from node connection: 시스템에 부착된 장치가 작동하지 않습니다. (0x1F)
4월 20, 2022 15:56:26.107 [14004:1060:0420/155626.106:ERROR:device_event_log_impl.cc(214)] [15:56:26.106] USB: usb_device_handle_win.cc:1049 Failed to read descriptor from node connection: 시스템에 부착된 장치가 작동하지 않습니다. (0x1F)
4월 20, 2022 15:56:26.107 [14004:1060:0420/155626.106:ERROR:device_event_log_impl.cc(214)] [15:56:26.106] USB: usb_device_handle_win.cc:1049 Failed to read descriptor from node connection: 시스템에 부착된 장치가 작동하지 않습니다. (0x1F)

5월 03, 2022 18:59:45.348 NEW SESSION
5월 03, 2022 18:59:45.348 [12624:3304:0503/185945.343:ERROR:device_event_log_impl.cc(214)] [18:59:45.344] USB: usb_device_handle_win.cc:1049 Failed to read descriptor from node connection: 시스템에 부착된 장치가 작동하지 않습니다. (0x1F)
5월 03, 2022 18:59:45.349 [12624:3304:0503/185945.344:ERROR:device_event_log_impl.cc(214)] [18:59:45.344] USB: usb_device_handle_win.cc:1049 Failed to read descriptor from node connection: 시스템에 부착된 장치가 작동하지 않습니다. (0x1F)
5월 03, 2022 19:02:31.264 [13440:1124:0503/190231.263:ERROR:device_event_log_impl.cc(214)] [19:02:31.263] USB: usb_device_handle_win.cc:1049 Failed to read descriptor from node connection: 시스템에 부착된 장치가 작동하지 않습니다. (0x1F)
5월 03, 2022 19:02:31.264 [13440:1124:0503/190231.264:ERROR:device_event_log_impl.cc(214)] [19:02:31.264] USB: usb_device_handle_win.cc:1049 Failed to read descriptor from node connection: 시스템에 부착된 장치가 작동하지 않습니다. (0x1F)
5월 03, 2022 19:03:29.124 [13440:12376:0503/190329.123:ERROR:util.cc(126)] Can't create base directory: C:\Program Files\Google\GoogleUpdater
5월 03, 2022 19:08:46.826 [13992:4728:0503/190846.825:ERROR:device_event_log_impl.cc(214)] [19:08:46.825] USB: usb_device_handle_win.cc:1049 Failed to read descriptor from node connection: 시스템에 부착된 장치가 작동하지 않습니다. (0x1F)
5월 03, 2022 19:08:46.827 [13992:4728:0503/190846.826:ERROR:device_event_log_impl.cc(214)] [19:08:46.826] USB: usb_device_handle_win.cc:1049 Failed to read descriptor from node connection: 시스템에 부착된 장치가 작동하지 않습니다. (0x1F)
5월 03, 2022 19:16:08.338 [14572:13896:0503/191608.338:ERROR:device_event_log_impl.cc(214)] [19:16:08.337] USB: usb_device_handle_win.cc:1049 Failed to read descriptor from node connection: 시스템에 부착된 장치가 작동하지 않습니다. (0x1F)
5월 03, 2022 19:16:08.340 [14572:13896:0503/191608.339:ERROR:device_event_log_impl.cc(214)] [19:16:08.338] USB: usb_device_handle_win.cc:1049 Failed to read descriptor from node connection: 시스템에 부착된 장치가 작동하지 않습니다. (0x1F)
5월 03, 2022 19:17:05.192 [14572:15704:0503/191705.191:ERROR:util.cc(126)] Can't create base directory: C:\Program Files\Google\GoogleUpdater

5월 03, 2022 19:24:43.692 NEW SESSION
5월 03, 2022 19:24:43.692 [548:10504:0503/192443.690:ERROR:device_event_log_impl.cc(214)] [19:24:43.688] USB: usb_device_handle_win.cc:1049 Failed to read descriptor from node connection: 시스템에 부착된 장치가 작동하지 않습니다. (0x1F)
5월 03, 2022 19:24:43.693 [548:10504:0503/192443.691:ERROR:device_event_log_impl.cc(214)] [19:24:43.688] USB: usb_device_handle_win.cc:1049 Failed to read descriptor from node connection: 시스템에 부착된 장치가 작동하지 않습니다. (0x1F)
5월 03, 2022 19:28:03.229 [11976:8156:0503/192803.229:ERROR:device_event_log_impl.cc(214)] [19:28:03.229] USB: usb_device_handle_win.cc:1049 Failed to read descriptor from node connection: 시스템에 부착된 장치가 작동하지 않습니다. (0x1F)
5월 03, 2022 19:28:03.231 [11976:8156:0503/192803.229:ERROR:device_event_log_impl.cc(214)] [19:28:03.229] USB: usb_device_handle_win.cc:1049 Failed to read descriptor from node connection: 시스템에 부착된 장치가 작동하지 않습니다. (0x1F)
5월 03, 2022 19:29:01.172 [11976:5108:0503/192901.171:ERROR:util.cc(126)] Can't create base directory: C:\Program Files\Google\GoogleUpdater

5월 03, 2022 19:42:39.866 NEW SESSION
5월 03, 2022 19:42:39.866 [6940:6580:0503/194239.864:ERROR:device_event_log_impl.cc(214)] [19:42:39.865] USB: usb_device_handle_win.cc:1049 Failed to read descriptor from node connection: 시스템에 부착된 장치가 작동하지 않습니다. (0x1F)
5월 03, 2022 19:42:39.867 [6940:6580:0503/194239.865:ERROR:device_event_log_impl.cc(214)] [19:42:39.865] USB: usb_device_handle_win.cc:1049 Failed to read descriptor from node connection: 시스템에 부착된 장치가 작동하지 않습니다. (0x1F)

5월 03, 2022 21:19:45.698 NEW SESSION
5월 03, 2022 21:19:45.698 [14504:14500:0503/211945.696:ERROR:device_event_log_impl.cc(214)] [21:19:45.696] USB: usb_device_handle_win.cc:1049 Failed to read descriptor from node connection: 시스템에 부착된 장치가 작동하지 않습니다. (0x1F)
5월 03, 2022 21:19:45.698 [14504:14500:0503/211945.696:ERROR:device_event_log_impl.cc(214)] [21:19:45.696] USB: usb_device_handle_win.cc:1049 Failed to read descriptor from node connection: 시스템에 부착된 장치가 작동하지 않습니다. (0x1F)
5월 03, 2022 21:19:45.698 [14504:14500:0503/211945.696:ERROR:device_event_log_impl.cc(214)] [21:19:45.696] USB: usb_device_handle_win.cc:1049 Failed to read descriptor from node connection: 시스템에 부착된 장치가 작동하지 않습니다. (0x1F)
5월 03, 2022 21:20:43.328 [14504:13528:0503/212043.328:ERROR:util.cc(126)] Can't create base directory: C:\Program Files\Google\GoogleUpdater

5월 03, 2022 21:47:51.466 NEW SESSION
5월 03, 2022 21:47:51.466 [4132:6416:0503/214751.461:ERROR:device_event_log_impl.cc(214)] [21:47:51.461] USB: usb_device_handle_win.cc:1049 Failed to read descriptor from node connection: 시스템에 부착된 장치가 작동하지 않습니다. (0x1F)
5월 03, 2022 21:47:51.467 [4132:6416:0503/214751.462:ERROR:device_event_log_impl.cc(214)] [21:47:51.461] USB: usb_device_handle_win.cc:1049 Failed to read descriptor from node connection: 시스템에 부착된 장치가 작동하지 않습니다. (0x1F)
5월 03, 2022 21:47:51.468 [4132:6416:0503/214751.463:ERROR:device_event_log_impl.cc(214)] [21:47:51.462] USB: usb_device_handle_win.cc:1049 Failed to read descriptor from node connection: 시스템에 부착된 장치가 작동하지 않습니다. (0x1F)
5월 03, 2022 21:55:36.238 [15056:12164:0503/215536.238:ERROR:device_event_log_impl.cc(214)] [21:55:36.238] USB: usb_device_handle_win.cc:1049 Failed to read descriptor from node connection: 시스템에 부착된 장치가 작동하지 않습니다. (0x1F)
5월 03, 2022 21:55:36.239 [15056:12164:0503/215536.238:ERROR:device_event_log_impl.cc(214)] [21:55:36.238] USB: usb_device_handle_win.cc:1049 Failed to read descriptor from node connection: 시스템에 부착된 장치가 작동하지 않습니다. (0x1F)
5월 03, 2022 21:55:36.239 [15056:12164:0503/215536.239:ERROR:device_event_log_impl.cc(214)] [21:55:36.239] USB: usb_device_handle_win.cc:1049 Failed to read descriptor from node connection: 시스템에 부착된 장치가 작동하지 않습니다. (0x1F)
5월 03, 2022 21:56:34.113 [15056:284:0503/215634.112:ERROR:util.cc(126)] Can't create base directory: C:\Program Files\Google\GoogleUpdater
5월 03, 2022 22:01:58.207 [12424:7532:0503/220158.207:ERROR:device_event_log_impl.cc(214)] [22:01:58.207] USB: usb_device_handle_win.cc:1049 Failed to read descriptor from node connection: 시스템에 부착된 장치가 작동하지 않습니다. (0x1F)
5월 03, 2022 22:01:58.208 [12424:7532:0503/220158.207:ERROR:device_event_log_impl.cc(214)] [22:01:58.207] USB: usb_device_handle_win.cc:1049 Failed to read descriptor from node connection: 시스템에 부착된 장치가 작동하지 않습니다. (0x1F)
5월 03, 2022 22:01:58.209 [12424:7532:0503/220158.207:ERROR:device_event_log_impl.cc(214)] [22:01:58.207] USB: usb_device_handle_win.cc:1049 Failed to read descriptor from node connection: 시스템에 부착된 장치가 작동하지 않습니다. (0x1F)
5월 03, 2022 22:02:56.152 [12424:6492:0503/220256.151:ERROR:util.cc(126)] Can't create base directory: C:\Program Files\Google\GoogleUpdater

6월 08, 2022 24:04:09.281 NEW SESSION
6월 08, 2022 24:04:09.281 [8968:16220:0608/000409.273:ERROR:device_event_log_impl.cc(214)] [00:04:09.273] USB: usb_device_handle_win.cc:1048 Failed to read descriptor from node connection: 시스템에 부착된 장치가 작동하지 않습니다. (0x1F)
6월 08, 2022 24:04:09.282 [8968:16220:0608/000409.273:ERROR:device_event_log_impl.cc(214)] [00:04:09.273] USB: usb_device_handle_win.cc:1048 Failed to read descriptor from node connection: 시스템에 부착된 장치가 작동하지 않습니다. (0x1F)
6월 08, 2022 24:04:09.282 [8968:16220:0608/000409.273:ERROR:device_event_log_impl.cc(214)] [00:04:09.273] USB: usb_device_handle_win.cc:1048 Failed to read descriptor from node connection: 시스템에 부착된 장치가 작동하지 않습니다. (0x1F)
6월 08, 2022 24:05:06.373 [8968:3020:0608/000506.363:ERROR:util.cc(127)] Can't create base directory: C:\Program Files\Google\GoogleUpdater

6월 10, 2022 19:25:56.941 NEW SESSION
6월 10, 2022 19:25:56.941 [6468:6876:0610/192556.939:ERROR:device_event_log_impl.cc(214)] [19:25:56.939] USB: usb_device_handle_win.cc:1048 Failed to read descriptor from node connection: 시스템에 부착된 장치가 작동하지 않습니다. (0x1F)
6월 10, 2022 19:25:56.942 [6468:6876:0610/192556.939:ERROR:device_event_log_impl.cc(214)] [19:25:56.939] USB: usb_device_handle_win.cc:1048 Failed to read descriptor from node connection: 시스템에 부착된 장치가 작동하지 않습니다. (0x1F)
6월 10, 2022 19:25:56.942 [6468:6876:0610/192556.939:ERROR:device_event_log_impl.cc(214)] [19:25:56.939] USB: usb_device_handle_win.cc:1048 Failed to read descriptor from node connection: 시스템에 부착된 장치가 작동하지 않습니다. (0x1F)
6월 10, 2022 19:26:54.726 [6468:17232:0610/192654.726:ERROR:util.cc(127)] Can't create base directory: C:\Program Files\Google\GoogleUpdater

6월 11, 2022 17:54:37.312 NEW SESSION
6월 11, 2022 17:54:37.312 [7812:15196:0611/175437.309:ERROR:device_event_log_impl.cc(214)] [17:54:37.308] USB: usb_device_handle_win.cc:1048 Failed to read descriptor from node connection: 시스템에 부착된 장치가 작동하지 않습니다. (0x1F)
6월 11, 2022 17:54:37.313 [7812:15196:0611/175437.309:ERROR:device_event_log_impl.cc(214)] [17:54:37.308] USB: usb_device_handle_win.cc:1048 Failed to read descriptor from node connection: 시스템에 부착된 장치가 작동하지 않습니다. (0x1F)
6월 11, 2022 17:54:37.313 [7812:15196:0611/175437.309:ERROR:device_event_log_impl.cc(214)] [17:54:37.308] USB: usb_device_handle_win.cc:1048 Failed to read descriptor from node connection: 시스템에 부착된 장치가 작동하지 않습니다. (0x1F)
6월 11, 2022 17:55:34.595 [7812:12336:0611/175534.595:ERROR:util.cc(127)] Can't create base directory: C:\Program Files\Google\GoogleUpdater

6월 11, 2022 18:01:09.369 NEW SESSION
6월 11, 2022 18:01:09.369 [10776:9540:0611/180109.368:ERROR:device_event_log_impl.cc(214)] [18:01:09.368] USB: usb_device_handle_win.cc:1048 Failed to read descriptor from node connection: 시스템에 부착된 장치가 작동하지 않습니다. (0x1F)
6월 11, 2022 18:01:09.370 [10776:9540:0611/180109.368:ERROR:device_event_log_impl.cc(214)] [18:01:09.368] USB: usb_device_handle_win.cc:1048 Failed to read descriptor from node connection: 시스템에 부착된 장치가 작동하지 않습니다. (0x1F)
6월 11, 2022 18:01:09.370 [10776:9540:0611/180109.368:ERROR:device_event_log_impl.cc(214)] [18:01:09.369] USB: usb_device_handle_win.cc:1048 Failed to read descriptor from node connection: 시스템에 부착된 장치가 작동하지 않습니다. (0x1F)
6월 11, 2022 18:02:07.255 [10776:15156:0611/180207.254:ERROR:util.cc(127)] Can't create base directory: C:\Program Files\Google\GoogleUpdater

6월 11, 2022 22:33:58.168 NEW SESSION
6월 11, 2022 22:33:58.168 [9592:6188:0611/223358.167:ERROR:device_event_log_impl.cc(214)] [22:33:58.167] USB: usb_device_handle_win.cc:1048 Failed to read descriptor from node connection: 시스템에 부착된 장치가 작동하지 않습니다. (0x1F)
6월 11, 2022 22:33:58.169 [9592:6188:0611/223358.167:ERROR:device_event_log_impl.cc(214)] [22:33:58.167] USB: usb_device_handle_win.cc:1048 Failed to read descriptor from node connection: 시스템에 부착된 장치가 작동하지 않습니다. (0x1F)
6월 11, 2022 22:33:58.169 [9592:6188:0611/223358.167:ERROR:device_event_log_impl.cc(214)] [22:33:58.167] USB: usb_device_handle_win.cc:1048 Failed to read descriptor from node connection: 시스템에 부착된 장치가 작동하지 않습니다. (0x1F)
6월 11, 2022 22:34:56.34 [9592:8860:0611/223456.033:ERROR:util.cc(127)] Can't create base directory: C:\Program Files\Google\GoogleUpdater

6월 11, 2022 22:45:37.513 NEW SESSION
6월 11, 2022 22:45:37.513 [1360:16824:0611/224537.510:ERROR:device_event_log_impl.cc(214)] [22:45:37.511] USB: usb_device_handle_win.cc:1048 Failed to read descriptor from node connection: 시스템에 부착된 장치가 작동하지 않습니다. (0x1F)
6월 11, 2022 22:45:37.514 [1360:16824:0611/224537.513:ERROR:device_event_log_impl.cc(214)] [22:45:37.513] USB: usb_device_handle_win.cc:1048 Failed to read descriptor from node connection: 시스템에 부착된 장치가 작동하지 않습니다. (0x1F)
6월 11, 2022 22:46:35.369 [1360:9168:0611/224635.368:ERROR:util.cc(127)] Can't create base directory: C:\Program Files\Google\GoogleUpdater
6월 12, 2022 24:08:18.286 [15812:836:0612/000818.286:ERROR:device_event_log_impl.cc(214)] [00:08:18.286] USB: usb_device_handle_win.cc:1048 Failed to read descriptor from node connection: 시스템에 부착된 장치가 작동하지 않습니다. (0x1F)
6월 12, 2022 24:08:18.289 [15812:836:0612/000818.289:ERROR:device_event_log_impl.cc(214)] [00:08:18.289] USB: usb_device_handle_win.cc:1048 Failed to read descriptor from node connection: 시스템에 부착된 장치가 작동하지 않습니다. (0x1F)

7월 31, 2022 15:17:06.795 NEW SESSION
7월 31, 2022 15:17:06.795 [13912:9048:0731/151706.792:ERROR:device_event_log_impl.cc(214)] [15:17:06.792] USB: usb_device_handle_win.cc:1048 Failed to read descriptor from node connection: 시스템에 부착된 장치가 작동하지 않습니다. (0x1F)
7월 31, 2022 15:17:06.796 [13912:9048:0731/151706.792:ERROR:device_event_log_impl.cc(214)] [15:17:06.792] USB: usb_device_handle_win.cc:1048 Failed to read descriptor from node connection: 시스템에 부착된 장치가 작동하지 않습니다. (0x1F)
7월 31, 2022 17:04:41.634 [16516:9956:0731/170441.633:ERROR:device_event_log_impl.cc(214)] [17:04:41.634] USB: usb_device_handle_win.cc:1048 Failed to read descriptor from node connection: 시스템에 부착된 장치가 작동하지 않습니다. (0x1F)
7월 31, 2022 17:04:41.635 [16516:9956:0731/170441.634:ERROR:device_event_log_impl.cc(214)] [17:04:41.634] USB: usb_device_handle_win.cc:1048 Failed to read descriptor from node connection: 시스템에 부착된 장치가 작동하지 않습니다. (0x1F)
7월 31, 2022 17:04:41.635 [16516:9956:0731/170441.634:ERROR:device_event_log_impl.cc(214)] [17:04:41.634] USB: usb_device_handle_win.cc:1048 Failed to read descriptor from node connection: 시스템에 부착된 장치가 작동하지 않습니다. (0x1F)
7월 31, 2022 17:05:39.446 [16516:14560:0731/170539.446:ERROR:util.cc(127)] Can't create base directory: C:\Program Files\Google\GoogleUpdater
7월 31, 2022 17:15:17.604 [13196:12936:0731/171517.603:ERROR:device_event_log_impl.cc(214)] [17:15:17.603] USB: usb_device_handle_win.cc:1048 Failed to read descriptor from node connection: 시스템에 부착된 장치가 작동하지 않습니다. (0x1F)
7월 31, 2022 17:15:17.605 [13196:12936:0731/171517.604:ERROR:device_event_log_impl.cc(214)] [17:15:17.603] USB: usb_device_handle_win.cc:1048 Failed to read descriptor from node connection: 시스템에 부착된 장치가 작동하지 않습니다. (0x1F)
7월 31, 2022 17:15:17.605 [13196:12936:0731/171517.604:ERROR:device_event_log_impl.cc(214)] [17:15:17.603] USB: usb_device_handle_win.cc:1048 Failed to read descriptor from node connection: 시스템에 부착된 장치가 작동하지 않습니다. (0x1F)
7월 31, 2022 17:16:15.297 [13196:11504:0731/171615.297:ERROR:util.cc(127)] Can't create base directory: C:\Program Files\Google\GoogleUpdater
7월 31, 2022 17:59:35.392 [13204:16640:0731/175935.392:ERROR:device_event_log_impl.cc(214)] [17:59:35.392] USB: usb_device_handle_win.cc:1048 Failed to read descriptor from node connection: 시스템에 부착된 장치가 작동하지 않습니다. (0x1F)
7월 31, 2022 17:59:35.393 [13204:16640:0731/175935.392:ERROR:device_event_log_impl.cc(214)] [17:59:35.392] USB: usb_device_handle_win.cc:1048 Failed to read descriptor from node connection: 시스템에 부착된 장치가 작동하지 않습니다. (0x1F)
7월 31, 2022 17:59:35.393 [13204:16640:0731/175935.392:ERROR:device_event_log_impl.cc(214)] [17:59:35.392] USB: usb_device_handle_win.cc:1048 Failed to read descriptor from node connection: 시스템에 부착된 장치가 작동하지 않습니다. (0x1F)
7월 31, 2022 18:00:33.380 [13204:12276:0731/180033.378:ERROR:util.cc(127)] Can't create base directory: C:\Program Files\Google\GoogleUpdater
7월 31, 2022 18:01:00.585 [13484:6464:0731/180100.585:ERROR:device_event_log_impl.cc(214)] [18:01:00.585] USB: usb_device_handle_win.cc:1048 Failed to read descriptor from node connection: 시스템에 부착된 장치가 작동하지 않습니다. (0x1F)
7월 31, 2022 18:01:00.586 [13484:6464:0731/180100.585:ERROR:device_event_log_impl.cc(214)] [18:01:00.585] USB: usb_device_handle_win.cc:1048 Failed to read descriptor from node connection: 시스템에 부착된 장치가 작동하지 않습니다. (0x1F)
7월 31, 2022 18:01:00.587 [13484:6464:0731/180100.585:ERROR:device_event_log_impl.cc(214)] [18:01:00.585] USB: usb_device_handle_win.cc:1048 Failed to read descriptor from node connection: 시스템에 부착된 장치가 작동하지 않습니다. (0x1F)
7월 31, 2022 18:01:58.597 [13484:13600:0731/180158.597:ERROR:util.cc(127)] Can't create base directory: C:\Program Files\Google\GoogleUpdater
7월 31, 2022 18:34:51.883 [13484:6464:0731/183451.883:ERROR:device_event_log_impl.cc(214)] [18:34:51.888] USB: usb_service_win.cc:104 SetupDiGetDeviceProperty({{A45C254E-DF1C-4EFD-8020-67D146A850E0}, 6}) failed: 요소가 없습니다. (0x490)
7월 31, 2022 18:41:11.659 [1940:13736:0731/184111.659:ERROR:interface_endpoint_client.cc(665)] Message 0 rejected by interface blink.mojom.WidgetHost
7월 31, 2022 18:41:13.461 [1940:13736:0731/184113.461:ERROR:device_event_log_impl.cc(214)] [18:41:13.461] USB: usb_device_handle_win.cc:1048 Failed to read descriptor from node connection: 시스템에 부착된 장치가 작동하지 않습니다. (0x1F)
7월 31, 2022 18:41:13.462 [1940:13736:0731/184113.461:ERROR:device_event_log_impl.cc(214)] [18:41:13.461] USB: usb_device_handle_win.cc:1048 Failed to read descriptor from node connection: 시스템에 부착된 장치가 작동하지 않습니다. (0x1F)
7월 31, 2022 18:41:13.462 [1940:13736:0731/184113.461:ERROR:device_event_log_impl.cc(214)] [18:41:13.461] USB: usb_device_handle_win.cc:1048 Failed to read descriptor from node connection: 시스템에 부착된 장치가 작동하지 않습니다. (0x1F)
7월 31, 2022 18:42:04.997 [1940:13736:0731/184204.996:ERROR:interface_endpoint_client.cc(665)] Message 0 rejected by interface blink.mojom.WidgetHost
7월 31, 2022 18:42:11.273 [1940:6284:0731/184211.273:ERROR:util.cc(127)] Can't create base directory: C:\Program Files\Google\GoogleUpdater
7월 31, 2022 18:42:26.758 [11472:9156:0731/184226.758:ERROR:device_event_log_impl.cc(214)] [18:42:26.758] USB: usb_device_handle_win.cc:1048 Failed to read descriptor from node connection: 시스템에 부착된 장치가 작동하지 않습니다. (0x1F)
7월 31, 2022 18:42:26.759 [11472:9156:0731/184226.758:ERROR:device_event_log_impl.cc(214)] [18:42:26.758] USB: usb_device_handle_win.cc:1048 Failed to read descriptor from node connection: 시스템에 부착된 장치가 작동하지 않습니다. (0x1F)
7월 31, 2022 18:42:26.759 [11472:9156:0731/184226.758:ERROR:device_event_log_impl.cc(214)] [18:42:26.758] USB: usb_device_handle_win.cc:1048 Failed to read descriptor from node connection: 시스템에 부착된 장치가 작동하지 않습니다. (0x1F)
7월 31, 2022 18:43:13.606 [10780:11004:0731/184313.605:ERROR:device_event_log_impl.cc(214)] [18:43:13.604] USB: usb_device_handle_win.cc:1048 Failed to read descriptor from node connection: 시스템에 부착된 장치가 작동하지 않습니다. (0x1F)
7월 31, 2022 18:43:13.606 [10780:11004:0731/184313.605:ERROR:device_event_log_impl.cc(214)] [18:43:13.604] USB: usb_device_handle_win.cc:1048 Failed to read descriptor from node connection: 시스템에 부착된 장치가 작동하지 않습니다. (0x1F)
7월 31, 2022 18:43:13.607 [10780:11004:0731/184313.605:ERROR:device_event_log_impl.cc(214)] [18:43:13.604] USB: usb_device_handle_win.cc:1048 Failed to read descriptor from node connection: 시스템에 부착된 장치가 작동하지 않습니다. (0x1F)
7월 31, 2022 18:44:11.569 [10780:16184:0731/184411.568:ERROR:util.cc(127)] Can't create base directory: C:\Program Files\Google\GoogleUpdater
7월 31, 2022 18:58:23.328 [3472:14860:0731/185823.327:ERROR:device_event_log_impl.cc(214)] [18:58:23.328] USB: usb_device_handle_win.cc:1048 Failed to read descriptor from node connection: 시스템에 부착된 장치가 작동하지 않습니다. (0x1F)
7월 31, 2022 18:58:23.330 [3472:14860:0731/185823.327:ERROR:device_event_log_impl.cc(214)] [18:58:23.328] USB: usb_device_handle_win.cc:1048 Failed to read descriptor from node connection: 시스템에 부착된 장치가 작동하지 않습니다. (0x1F)
7월 31, 2022 18:58:23.330 [3472:14860:0731/185823.327:ERROR:device_event_log_impl.cc(214)] [18:58:23.328] USB: usb_device_handle_win.cc:1048 Failed to read descriptor from node connection: 시스템에 부착된 장치가 작동하지 않습니다. (0x1F)
7월 31, 2022 18:59:21.228 [3472:1260:0731/185921.227:ERROR:util.cc(127)] Can't create base directory: C:\Program Files\Google\GoogleUpdater
7월 31, 2022 19:21:46.381 [1744:15660:0731/192146.381:ERROR:device_event_log_impl.cc(214)] [19:21:46.381] USB: usb_device_handle_win.cc:1048 Failed to read descriptor from node connection: 시스템에 부착된 장치가 작동하지 않습니다. (0x1F)
7월 31, 2022 19:21:46.381 [1744:15660:0731/192146.381:ERROR:device_event_log_impl.cc(214)] [19:21:46.381] USB: usb_device_handle_win.cc:1048 Failed to read descriptor from node connection: 시스템에 부착된 장치가 작동하지 않습니다. (0x1F)
7월 31, 2022 19:21:46.382 [1744:15660:0731/192146.381:ERROR:device_event_log_impl.cc(214)] [19:21:46.381] USB: usb_device_handle_win.cc:1048 Failed to read descriptor from node connection: 시스템에 부착된 장치가 작동하지 않습니다. (0x1F)
7월 31, 2022 19:41:37.288 [2516:1864:0731/194137.287:ERROR:device_event_log_impl.cc(214)] [19:41:37.287] USB: usb_device_handle_win.cc:1048 Failed to read descriptor from node connection: 시스템에 부착된 장치가 작동하지 않습니다. (0x1F)
7월 31, 2022 19:41:37.288 [2516:1864:0731/194137.287:ERROR:device_event_log_impl.cc(214)] [19:41:37.288] USB: usb_device_handle_win.cc:1048 Failed to read descriptor from node connection: 시스템에 부착된 장치가 작동하지 않습니다. (0x1F)
7월 31, 2022 19:41:37.288 [2516:1864:0731/194137.288:ERROR:device_event_log_impl.cc(214)] [19:41:37.288] USB: usb_device_handle_win.cc:1048 Failed to read descriptor from node connection: 시스템에 부착된 장치가 작동하지 않습니다. (0x1F)
7월 31, 2022 19:42:35.264 [2516:13528:0731/194235.264:ERROR:util.cc(127)] Can't create base directory: C:\Program Files\Google\GoogleUpdater
7월 31, 2022 20:01:41.229 [16500:8920:0731/200141.228:ERROR:device_event_log_impl.cc(214)] [20:01:41.228] USB: usb_device_handle_win.cc:1048 Failed to read descriptor from node connection: 시스템에 부착된 장치가 작동하지 않습니다. (0x1F)
7월 31, 2022 20:01:41.229 [16500:8920:0731/200141.229:ERROR:device_event_log_impl.cc(214)] [20:01:41.229] USB: usb_device_handle_win.cc:1048 Failed to read descriptor from node connection: 시스템에 부착된 장치가 작동하지 않습니다. (0x1F)
7월 31, 2022 20:01:41.230 [16500:8920:0731/200141.229:ERROR:device_event_log_impl.cc(214)] [20:01:41.229] USB: usb_device_handle_win.cc:1048 Failed to read descriptor from node connection: 시스템에 부착된 장치가 작동하지 않습니다. (0x1F)
7월 31, 2022 20:02:39.229 [16500:15068:0731/200239.228:ERROR:util.cc(127)] Can't create base directory: C:\Program Files\Google\GoogleUpdater
7월 31, 2022 20:26:53.880 [2664:13816:0731/202653.880:ERROR:device_event_log_impl.cc(214)] [20:26:53.879] USB: usb_device_handle_win.cc:1048 Failed to read descriptor from node connection: 시스템에 부착된 장치가 작동하지 않습니다. (0x1F)
7월 31, 2022 20:26:53.880 [2664:13816:0731/202653.880:ERROR:device_event_log_impl.cc(214)] [20:26:53.880] USB: usb_device_handle_win.cc:1048 Failed to read descriptor from node connection: 시스템에 부착된 장치가 작동하지 않습니다. (0x1F)
7월 31, 2022 20:26:53.880 [2664:13816:0731/202653.880:ERROR:device_event_log_impl.cc(214)] [20:26:53.880] USB: usb_device_handle_win.cc:1048 Failed to read descriptor from node connection: 시스템에 부착된 장치가 작동하지 않습니다. (0x1F)
7월 31, 2022 20:27:51.885 [2664:16156:0731/202751.884:ERROR:util.cc(127)] Can't create base directory: C:\Program Files\Google\GoogleUpdater

7월 31, 2022 21:23:49.330 NEW SESSION
7월 31, 2022 21:23:49.330 [13056:14304:0731/212349.329:ERROR:interface_endpoint_client.cc(665)] Message 0 rejected by interface blink.mojom.WidgetHost
7월 31, 2022 21:23:50.349 [13056:14304:0731/212350.349:ERROR:device_event_log_impl.cc(214)] [21:23:50.348] USB: usb_device_handle_win.cc:1048 Failed to read descriptor from node connection: 시스템에 부착된 장치가 작동하지 않습니다. (0x1F)
7월 31, 2022 21:23:50.349 [13056:14304:0731/212350.349:ERROR:device_event_log_impl.cc(214)] [21:23:50.348] USB: usb_device_handle_win.cc:1048 Failed to read descriptor from node connection: 시스템에 부착된 장치가 작동하지 않습니다. (0x1F)
7월 31, 2022 21:23:50.350 [13056:14304:0731/212350.349:ERROR:device_event_log_impl.cc(214)] [21:23:50.348] USB: usb_device_handle_win.cc:1048 Failed to read descriptor from node connection: 시스템에 부착된 장치가 작동하지 않습니다. (0x1F)
7월 31, 2022 21:26:32.01 [13620:8864:0731/212632.001:ERROR:device_event_log_impl.cc(214)] [21:26:32.001] USB: usb_device_handle_win.cc:1048 Failed to read descriptor from node connection: 시스템에 부착된 장치가 작동하지 않습니다. (0x1F)
7월 31, 2022 21:26:32.02 [13620:8864:0731/212632.001:ERROR:device_event_log_impl.cc(214)] [21:26:32.001] USB: usb_device_handle_win.cc:1048 Failed to read descriptor from node connection: 시스템에 부착된 장치가 작동하지 않습니다. (0x1F)
7월 31, 2022 21:26:32.02 [13620:8864:0731/212632.001:ERROR:device_event_log_impl.cc(214)] [21:26:32.001] USB: usb_device_handle_win.cc:1048 Failed to read descriptor from node connection: 시스템에 부착된 장치가 작동하지 않습니다. (0x1F)
7월 31, 2022 21:27:29.907 [13620:15564:0731/212729.906:ERROR:util.cc(127)] Can't create base directory: C:\Program Files\Google\GoogleUpdater
7월 31, 2022 21:57:59.658 [13620:8864:0731/215759.658:ERROR:interface_endpoint_client.cc(665)] Message 0 rejected by interface blink.mojom.WidgetHost
7월 31, 2022 21:58:30.856 [13620:8864:0731/215830.856:ERROR:interface_endpoint_client.cc(665)] Message 0 rejected by interface blink.mojom.WidgetHost
7월 31, 2022 23:49:57.827 [13620:8864:0731/234957.826:ERROR:device_event_log_impl.cc(214)] [23:49:57.825] USB: usb_service_win.cc:104 SetupDiGetDeviceProperty({{A45C254E-DF1C-4EFD-8020-67D146A850E0}, 6}) failed: 요소가 없습니다. (0x490)

8월 06, 2022 17:30:23.775 NEW SESSION
8월 06, 2022 17:30:23.775 [12092:14920:0806/173023.773:ERROR:device_event_log_impl.cc(214)] [17:30:23.773] USB: usb_device_handle_win.cc:1048 Failed to read descriptor from node connection: 시스템에 부착된 장치가 작동하지 않습니다. (0x1F)
8월 06, 2022 17:30:23.775 [12092:14920:0806/173023.773:ERROR:device_event_log_impl.cc(214)] [17:30:23.773] USB: usb_device_handle_win.cc:1048 Failed to read descriptor from node connection: 시스템에 부착된 장치가 작동하지 않습니다. (0x1F)
8월 06, 2022 17:30:23.776 [12092:14920:0806/173023.773:ERROR:device_event_log_impl.cc(214)] [17:30:23.773] USB: usb_device_handle_win.cc:1048 Failed to read descriptor from node connection: 시스템에 부착된 장치가 작동하지 않습니다. (0x1F)
8월 06, 2022 17:31:21.191 [12092:6984:0806/173121.190:ERROR:util.cc(127)] Can't create base directory: C:\Program Files\Google\GoogleUpdater

8월 06, 2022 18:34:59.622 NEW SESSION
8월 06, 2022 18:34:59.622 [2668:15728:0806/183459.621:ERROR:device_event_log_impl.cc(214)] [18:34:59.621] USB: usb_device_handle_win.cc:1048 Failed to read descriptor from node connection: 시스템에 부착된 장치가 작동하지 않습니다. (0x1F)
8월 06, 2022 18:34:59.623 [2668:15728:0806/183459.621:ERROR:device_event_log_impl.cc(214)] [18:34:59.621] USB: usb_device_handle_win.cc:1048 Failed to read descriptor from node connection: 시스템에 부착된 장치가 작동하지 않습니다. (0x1F)
8월 06, 2022 18:34:59.623 [2668:15728:0806/183459.621:ERROR:device_event_log_impl.cc(214)] [18:34:59.621] USB: usb_device_handle_win.cc:1048 Failed to read descriptor from node connection: 시스템에 부착된 장치가 작동하지 않습니다. (0x1F)
8월 08, 2022 14:35:01.593 [7604:12540:0808/143501.593:ERROR:device_event_log_impl.cc(214)] [14:35:01.593] USB: usb_device_handle_win.cc:1048 Failed to read descriptor from node connection: 시스템에 부착된 장치가 작동하지 않습니다. (0x1F)
8월 08, 2022 14:35:01.594 [7604:12540:0808/143501.593:ERROR:device_event_log_impl.cc(214)] [14:35:01.593] USB: usb_device_handle_win.cc:1048 Failed to read descriptor from node connection: 시스템에 부착된 장치가 작동하지 않습니다. (0x1F)
8월 08, 2022 14:52:55.562 [11064:14696:0808/145255.561:ERROR:device_event_log_impl.cc(214)] [14:52:55.562] USB: usb_device_handle_win.cc:1048 Failed to read descriptor from node connection: 시스템에 부착된 장치가 작동하지 않습니다. (0x1F)
8월 08, 2022 14:52:55.563 [11064:14696:0808/145255.561:ERROR:device_event_log_impl.cc(214)] [14:52:55.562] USB: usb_device_handle_win.cc:1048 Failed to read descriptor from node connection: 시스템에 부착된 장치가 작동하지 않습니다. (0x1F)
8월 08, 2022 16:46:54.510 [1864:13316:0808/164654.510:ERROR:device_event_log_impl.cc(214)] [16:46:54.509] USB: usb_device_handle_win.cc:1048 Failed to read descriptor from node connection: 시스템에 부착된 장치가 작동하지 않습니다. (0x1F)
8월 08, 2022 16:46:54.512 [1864:13316:0808/164654.510:ERROR:device_event_log_impl.cc(214)] [16:46:54.510] USB: usb_device_handle_win.cc:1048 Failed to read descriptor from node connection: 시스템에 부착된 장치가 작동하지 않습니다. (0x1F)
8월 08, 2022 16:47:08.807 [12436:17364:0808/164708.807:ERROR:interface_endpoint_client.cc(665)] Message 0 rejected by interface blink.mojom.WidgetHost
8월 08, 2022 16:47:11.650 [12436:17364:0808/164711.649:ERROR:device_event_log_impl.cc(214)] [16:47:11.649] USB: usb_device_handle_win.cc:1048 Failed to read descriptor from node connection: 시스템에 부착된 장치가 작동하지 않습니다. (0x1F)
8월 08, 2022 16:47:11.650 [12436:17364:0808/164711.650:ERROR:device_event_log_impl.cc(214)] [16:47:11.649] USB: usb_device_handle_win.cc:1048 Failed to read descriptor from node connection: 시스템에 부착된 장치가 작동하지 않습니다. (0x1F)
8월 08, 2022 18:42:54.593 [14948:6792:0808/184254.593:ERROR:device_event_log_impl.cc(214)] [18:42:54.592] USB: usb_device_handle_win.cc:1048 Failed to read descriptor from node connection: 시스템에 부착된 장치가 작동하지 않습니다. (0x1F)
8월 08, 2022 18:42:54.593 [14948:6792:0808/184254.593:ERROR:device_event_log_impl.cc(214)] [18:42:54.593] USB: usb_device_handle_win.cc:1048 Failed to read descriptor from node connection: 시스템에 부착된 장치가 작동하지 않습니다. (0x1F)
8월 08, 2022 21:19:11.489 [15264:5860:0808/211911.488:ERROR:device_event_log_impl.cc(214)] [21:19:11.488] USB: usb_device_handle_win.cc:1048 Failed to read descriptor from node connection: 시스템에 부착된 장치가 작동하지 않습니다. (0x1F)
8월 08, 2022 21:19:11.489 [15264:5860:0808/211911.488:ERROR:device_event_log_impl.cc(214)] [21:19:11.488] USB: usb_device_handle_win.cc:1048 Failed to read descriptor from node connection: 시스템에 부착된 장치가 작동하지 않습니다. (0x1F)
8월 08, 2022 23:08:15.748 [15128:9132:0808/230815.747:ERROR:device_event_log_impl.cc(214)] [23:08:15.747] USB: usb_device_handle_win.cc:1048 Failed to read descriptor from node connection: 시스템에 부착된 장치가 작동하지 않습니다. (0x1F)
8월 08, 2022 23:08:15.748 [15128:9132:0808/230815.748:ERROR:device_event_log_impl.cc(214)] [23:08:15.748] USB: usb_device_handle_win.cc:1048 Failed to read descriptor from node connection: 시스템에 부착된 장치가 작동하지 않습니다. (0x1F)
8월 08, 2022 23:09:12.583 [15128:14496:0808/230912.582:ERROR:util.cc(127)] Can't create base directory: C:\Program Files\Google\GoogleUpdater
8월 08, 2022 23:15:20.907 [15128:10888:0808/231520.906:ERROR:connection_factory_impl.cc(425)] Failed to connect to MCS endpoint with error -105
8월 08, 2022 23:15:23.474 [15128:10888:0808/231523.474:ERROR:connection_factory_impl.cc(425)] Failed to connect to MCS endpoint with error -105
8월 08, 2022 23:27:43.202 [11816:12308:0808/232743.201:ERROR:device_event_log_impl.cc(214)] [23:27:43.201] USB: usb_device_handle_win.cc:1048 Failed to read descriptor from node connection: 시스템에 부착된 장치가 작동하지 않습니다. (0x1F)
8월 08, 2022 23:27:43.204 [11816:12308:0808/232743.201:ERROR:device_event_log_impl.cc(214)] [23:27:43.201] USB: usb_device_handle_win.cc:1048 Failed to read descriptor from node connection: 시스템에 부착된 장치가 작동하지 않습니다. (0x1F)
8월 08, 2022 23:42:28.545 [9388:11316:0808/234228.544:ERROR:device_event_log_impl.cc(214)] [23:42:28.544] USB: usb_device_handle_win.cc:1048 Failed to read descriptor from node connection: 시스템에 부착된 장치가 작동하지 않습니다. (0x1F)
8월 08, 2022 23:42:28.545 [9388:11316:0808/234228.545:ERROR:device_event_log_impl.cc(214)] [23:42:28.545] USB: usb_device_handle_win.cc:1048 Failed to read descriptor from node connection: 시스템에 부착된 장치가 작동하지 않습니다. (0x1F)
8월 08, 2022 23:43:26.508 [9388:8104:0808/234326.507:ERROR:util.cc(127)] Can't create base directory: C:\Program Files\Google\GoogleUpdater
8월 08, 2022 23:44:05.131 [11476:5944:0808/234405.131:ERROR:device_event_log_impl.cc(214)] [23:44:05.130] USB: usb_device_handle_win.cc:1048 Failed to read descriptor from node connection: 시스템에 부착된 장치가 작동하지 않습니다. (0x1F)
8월 08, 2022 23:44:05.132 [11476:5944:0808/234405.131:ERROR:device_event_log_impl.cc(214)] [23:44:05.130] USB: usb_device_handle_win.cc:1048 Failed to read descriptor from node connection: 시스템에 부착된 장치가 작동하지 않습니다. (0x1F)
8월 08, 2022 23:45:02.577 [11476:5272:0808/234502.576:ERROR:util.cc(127)] Can't create base directory: C:\Program Files\Google\GoogleUpdater
8월 08, 2022 23:47:06.387 [11196:17360:0808/234706.385:ERROR:device_event_log_impl.cc(214)] [23:47:06.385] USB: usb_device_handle_win.cc:1048 Failed to read descriptor from node connection: 시스템에 부착된 장치가 작동하지 않습니다. (0x1F)
8월 08, 2022 23:47:06.388 [11196:17360:0808/234706.387:ERROR:device_event_log_impl.cc(214)] [23:47:06.386] USB: usb_device_handle_win.cc:1048 Failed to read descriptor from node connection: 시스템에 부착된 장치가 작동하지 않습니다. (0x1F)
8월 08, 2022 23:48:04.140 [11196:16980:0808/234804.140:ERROR:util.cc(127)] Can't create base directory: C:\Program Files\Google\GoogleUpdater
8월 08, 2022 23:48:51.289 [14524:6104:0808/234851.289:ERROR:device_event_log_impl.cc(214)] [23:48:51.290] USB: usb_device_handle_win.cc:1048 Failed to read descriptor from node connection: 시스템에 부착된 장치가 작동하지 않습니다. (0x1F)
8월 08, 2022 23:48:51.290 [14524:6104:0808/234851.289:ERROR:device_event_log_impl.cc(214)] [23:48:51.290] USB: usb_device_handle_win.cc:1048 Failed to read descriptor from node connection: 시스템에 부착된 장치가 작동하지 않습니다. (0x1F)
8월 08, 2022 23:49:25.865 [14524:6104:0808/234925.865:ERROR:device_event_log_impl.cc(214)] [23:49:25.864] USB: usb_service_win.cc:104 SetupDiGetDeviceProperty({{A45C254E-DF1C-4EFD-8020-67D146A850E0}, 6}) failed: 요소가 없습니다. (0x490)
8월 08, 2022 23:49:49.219 [14524:8044:0808/234949.218:ERROR:util.cc(127)] Can't create base directory: C:\Program Files\Google\GoogleUpdater
8월 08, 2022 23:54:09.656 [14128:3212:0808/235409.655:ERROR:device_event_log_impl.cc(214)] [23:54:09.655] USB: usb_device_handle_win.cc:1048 Failed to read descriptor from node connection: 시스템에 부착된 장치가 작동하지 않습니다. (0x1F)
8월 08, 2022 23:54:09.658 [14128:3212:0808/235409.656:ERROR:device_event_log_impl.cc(214)] [23:54:09.656] USB: usb_device_handle_win.cc:1048 Failed to read descriptor from node connection: 시스템에 부착된 장치가 작동하지 않습니다. (0x1F)
8월 08, 2022 23:55:06.372 [14128:13640:0808/235506.372:ERROR:util.cc(127)] Can't create base directory: C:\Program Files\Google\GoogleUpdater
8월 08, 2022 23:56:51.831 [3672:11536:0808/235651.830:ERROR:device_event_log_impl.cc(214)] [23:56:51.831] USB: usb_device_handle_win.cc:1048 Failed to read descriptor from node connection: 시스템에 부착된 장치가 작동하지 않습니다. (0x1F)
8월 08, 2022 23:56:51.832 [3672:11536:0808/235651.831:ERROR:device_event_log_impl.cc(214)] [23:56:51.831] USB: usb_device_handle_win.cc:1048 Failed to read descriptor from node connection: 시스템에 부착된 장치가 작동하지 않습니다. (0x1F)
8월 08, 2022 23:57:41.672 [6560:15956:0808/235741.672:ERROR:device_event_log_impl.cc(214)] [23:57:41.672] USB: usb_device_handle_win.cc:1048 Failed to read descriptor from node connection: 시스템에 부착된 장치가 작동하지 않습니다. (0x1F)
8월 08, 2022 23:57:41.673 [6560:15956:0808/235741.672:ERROR:device_event_log_impl.cc(214)] [23:57:41.672] USB: usb_device_handle_win.cc:1048 Failed to read descriptor from node connection: 시스템에 부착된 장치가 작동하지 않습니다. (0x1F)
8월 08, 2022 23:58:39.603 [6560:17748:0808/235839.602:ERROR:util.cc(127)] Can't create base directory: C:\Program Files\Google\GoogleUpdater
8월 08, 2022 23:59:50.184 [18424:3440:0808/235950.183:ERROR:device_event_log_impl.cc(214)] [23:59:50.183] USB: usb_device_handle_win.cc:1048 Failed to read descriptor from node connection: 시스템에 부착된 장치가 작동하지 않습니다. (0x1F)
8월 08, 2022 23:59:50.185 [18424:3440:0808/235950.183:ERROR:device_event_log_impl.cc(214)] [23:59:50.183] USB: usb_device_handle_win.cc:1048 Failed to read descriptor from node connection: 시스템에 부착된 장치가 작동하지 않습니다. (0x1F)
8월 09, 2022 24:00:52.899 [15964:15720:0809/000052.898:ERROR:device_event_log_impl.cc(214)] [00:00:52.898] USB: usb_device_handle_win.cc:1048 Failed to read descriptor from node connection: 시스템에 부착된 장치가 작동하지 않습니다. (0x1F)
8월 09, 2022 24:00:52.900 [15964:15720:0809/000052.898:ERROR:device_event_log_impl.cc(214)] [00:00:52.898] USB: usb_device_handle_win.cc:1048 Failed to read descriptor from node connection: 시스템에 부착된 장치가 작동하지 않습니다. (0x1F)
8월 09, 2022 24:01:29.912 [15732:17228:0809/000129.911:ERROR:device_event_log_impl.cc(214)] [00:01:29.910] USB: usb_device_handle_win.cc:1048 Failed to read descriptor from node connection: 시스템에 부착된 장치가 작동하지 않습니다. (0x1F)
8월 09, 2022 24:01:29.913 [15732:17228:0809/000129.912:ERROR:device_event_log_impl.cc(214)] [00:01:29.911] USB: usb_device_handle_win.cc:1048 Failed to read descriptor from node connection: 시스템에 부착된 장치가 작동하지 않습니다. (0x1F)
8월 09, 2022 24:02:55.343 [11192:2392:0809/000255.343:ERROR:device_event_log_impl.cc(214)] [00:02:55.343] USB: usb_device_handle_win.cc:1048 Failed to read descriptor from node connection: 시스템에 부착된 장치가 작동하지 않습니다. (0x1F)
8월 09, 2022 24:02:55.344 [11192:2392:0809/000255.343:ERROR:device_event_log_impl.cc(214)] [00:02:55.343] USB: usb_device_handle_win.cc:1048 Failed to read descriptor from node connection: 시스템에 부착된 장치가 작동하지 않습니다. (0x1F)
8월 09, 2022 24:03:11.861 [13072:11204:0809/000311.861:ERROR:device_event_log_impl.cc(214)] [00:03:11.860] USB: usb_device_handle_win.cc:1048 Failed to read descriptor from node connection: 시스템에 부착된 장치가 작동하지 않습니다. (0x1F)
8월 09, 2022 24:03:11.861 [13072:11204:0809/000311.861:ERROR:device_event_log_impl.cc(214)] [00:03:11.860] USB: usb_device_handle_win.cc:1048 Failed to read descriptor from node connection: 시스템에 부착된 장치가 작동하지 않습니다. (0x1F)
8월 09, 2022 24:10:10.217 [2224:7544:0809/001010.216:ERROR:device_event_log_impl.cc(214)] [00:10:10.217] USB: usb_device_handle_win.cc:1048 Failed to read descriptor from node connection: 시스템에 부착된 장치가 작동하지 않습니다. (0x1F)
8월 09, 2022 24:10:10.219 [2224:7544:0809/001010.217:ERROR:device_event_log_impl.cc(214)] [00:10:10.217] USB: usb_device_handle_win.cc:1048 Failed to read descriptor from node connection: 시스템에 부착된 장치가 작동하지 않습니다. (0x1F)
8월 09, 2022 24:12:19.195 [17724:4964:0809/001219.194:ERROR:device_event_log_impl.cc(214)] [00:12:19.194] USB: usb_device_handle_win.cc:1048 Failed to read descriptor from node connection: 시스템에 부착된 장치가 작동하지 않습니다. (0x1F)
8월 09, 2022 24:12:19.196 [17724:4964:0809/001219.195:ERROR:device_event_log_impl.cc(214)] [00:12:19.194] USB: usb_device_handle_win.cc:1048 Failed to read descriptor from node connection: 시스템에 부착된 장치가 작동하지 않습니다. (0x1F)
8월 09, 2022 24:13:16.797 [17724:12816:0809/001316.797:ERROR:util.cc(127)] Can't create base directory: C:\Program Files\Google\GoogleUpdater

8월 09, 2022 11:59:00.157 NEW SESSION
8월 09, 2022 11:59:00.157 [452:8416:0809/115900.154:ERROR:device_event_log_impl.cc(214)] [11:59:00.154] USB: usb_device_handle_win.cc:1048 Failed to read descriptor from node connection: 시스템에 부착된 장치가 작동하지 않습니다. (0x1F)
8월 09, 2022 11:59:00.158 [452:8416:0809/115900.154:ERROR:device_event_log_impl.cc(214)] [11:59:00.154] USB: usb_device_handle_win.cc:1048 Failed to read descriptor from node connection: 시스템에 부착된 장치가 작동하지 않습니다. (0x1F)
8월 09, 2022 11:59:00.158 [452:8416:0809/115900.155:ERROR:device_event_log_impl.cc(214)] [11:59:00.155] USB: usb_device_handle_win.cc:1048 Failed to read descriptor from node connection: 시스템에 부착된 장치가 작동하지 않습니다. (0x1F)
8월 09, 2022 11:59:58.42 [452:12720:0809/115958.041:ERROR:util.cc(127)] Can't create base directory: C:\Program Files\Google\GoogleUpdater
8월 09, 2022 12:45:30.949 [9464:15748:0809/124530.949:ERROR:device_event_log_impl.cc(214)] [12:45:30.949] USB: usb_device_handle_win.cc:1048 Failed to read descriptor from node connection: 시스템에 부착된 장치가 작동하지 않습니다. (0x1F)
8월 09, 2022 12:45:30.950 [9464:15748:0809/124530.949:ERROR:device_event_log_impl.cc(214)] [12:45:30.949] USB: usb_device_handle_win.cc:1048 Failed to read descriptor from node connection: 시스템에 부착된 장치가 작동하지 않습니다. (0x1F)
8월 09, 2022 12:45:30.951 [9464:15748:0809/124530.950:ERROR:device_event_log_impl.cc(214)] [12:45:30.949] USB: usb_device_handle_win.cc:1048 Failed to read descriptor from node connection: 시스템에 부착된 장치가 작동하지 않습니다. (0x1F)
8월 09, 2022 12:46:28.139 [9464:8184:0809/124628.139:ERROR:util.cc(127)] Can't create base directory: C:\Program Files\Google\GoogleUpdater
8월 09, 2022 13:11:18.321 [14964:6300:0809/131118.321:ERROR:device_event_log_impl.cc(214)] [13:11:18.320] USB: usb_device_handle_win.cc:1048 Failed to read descriptor from node connection: 시스템에 부착된 장치가 작동하지 않습니다. (0x1F)
8월 09, 2022 13:11:18.322 [14964:6300:0809/131118.321:ERROR:device_event_log_impl.cc(214)] [13:11:18.320] USB: usb_device_handle_win.cc:1048 Failed to read descriptor from node connection: 시스템에 부착된 장치가 작동하지 않습니다. (0x1F)
8월 09, 2022 13:11:18.322 [14964:6300:0809/131118.321:ERROR:device_event_log_impl.cc(214)] [13:11:18.321] USB: usb_device_handle_win.cc:1048 Failed to read descriptor from node connection: 시스템에 부착된 장치가 작동하지 않습니다. (0x1F)
8월 09, 2022 13:12:15.925 [14964:11700:0809/131215.924:ERROR:util.cc(127)] Can't create base directory: C:\Program Files\Google\GoogleUpdater
8월 09, 2022 13:53:37.810 [9256:12972:0809/135337.809:ERROR:device_event_log_impl.cc(214)] [13:53:37.809] USB: usb_device_handle_win.cc:1048 Failed to read descriptor from node connection: 시스템에 부착된 장치가 작동하지 않습니다. (0x1F)
8월 09, 2022 13:53:37.810 [9256:12972:0809/135337.809:ERROR:device_event_log_impl.cc(214)] [13:53:37.809] USB: usb_device_handle_win.cc:1048 Failed to read descriptor from node connection: 시스템에 부착된 장치가 작동하지 않습니다. (0x1F)
8월 09, 2022 13:53:37.811 [9256:12972:0809/135337.810:ERROR:device_event_log_impl.cc(214)] [13:53:37.810] USB: usb_device_handle_win.cc:1048 Failed to read descriptor from node connection: 시스템에 부착된 장치가 작동하지 않습니다. (0x1F)
8월 09, 2022 13:54:34.648 [9256:15924:0809/135434.648:ERROR:util.cc(127)] Can't create base directory: C:\Program Files\Google\GoogleUpdater
8월 09, 2022 14:04:04.80 [9324:15516:0809/140404.079:ERROR:device_event_log_impl.cc(214)] [14:04:04.079] USB: usb_device_handle_win.cc:1048 Failed to read descriptor from node connection: 시스템에 부착된 장치가 작동하지 않습니다. (0x1F)
8월 09, 2022 14:04:04.80 [9324:15516:0809/140404.080:ERROR:device_event_log_impl.cc(214)] [14:04:04.080] USB: usb_device_handle_win.cc:1048 Failed to read descriptor from node connection: 시스템에 부착된 장치가 작동하지 않습니다. (0x1F)
8월 09, 2022 14:04:04.80 [9324:15516:0809/140404.080:ERROR:device_event_log_impl.cc(214)] [14:04:04.080] USB: usb_device_handle_win.cc:1048 Failed to read descriptor from node connection: 시스템에 부착된 장치가 작동하지 않습니다. (0x1F)
8월 09, 2022 14:34:59.218 [7888:8592:0809/143459.218:ERROR:device_event_log_impl.cc(214)] [14:34:59.218] USB: usb_device_handle_win.cc:1048 Failed to read descriptor from node connection: 시스템에 부착된 장치가 작동하지 않습니다. (0x1F)
8월 09, 2022 14:34:59.219 [7888:8592:0809/143459.218:ERROR:device_event_log_impl.cc(214)] [14:34:59.218] USB: usb_device_handle_win.cc:1048 Failed to read descriptor from node connection: 시스템에 부착된 장치가 작동하지 않습니다. (0x1F)
8월 09, 2022 14:34:59.219 [7888:8592:0809/143459.218:ERROR:device_event_log_impl.cc(214)] [14:34:59.218] USB: usb_device_handle_win.cc:1048 Failed to read descriptor from node connection: 시스템에 부착된 장치가 작동하지 않습니다. (0x1F)
8월 09, 2022 18:05:29.913 [16068:9872:0809/180529.912:ERROR:device_event_log_impl.cc(214)] [18:05:29.913] USB: usb_device_handle_win.cc:1048 Failed to read descriptor from node connection: 시스템에 부착된 장치가 작동하지 않습니다. (0x1F)
8월 09, 2022 18:05:29.914 [16068:9872:0809/180529.913:ERROR:device_event_log_impl.cc(214)] [18:05:29.913] USB: usb_device_handle_win.cc:1048 Failed to read descriptor from node connection: 시스템에 부착된 장치가 작동하지 않습니다. (0x1F)
8월 09, 2022 18:05:29.914 [16068:9872:0809/180529.914:ERROR:device_event_log_impl.cc(214)] [18:05:29.914] USB: usb_device_handle_win.cc:1048 Failed to read descriptor from node connection: 시스템에 부착된 장치가 작동하지 않습니다. (0x1F)
8월 09, 2022 18:06:27.809 [16068:14952:0809/180627.808:ERROR:util.cc(127)] Can't create base directory: C:\Program Files\Google\GoogleUpdater
8월 09, 2022 18:34:22.270 [8516:14628:0809/183422.270:ERROR:device_event_log_impl.cc(214)] [18:34:22.270] USB: usb_device_handle_win.cc:1048 Failed to read descriptor from node connection: 시스템에 부착된 장치가 작동하지 않습니다. (0x1F)
8월 09, 2022 18:34:22.271 [8516:14628:0809/183422.270:ERROR:device_event_log_impl.cc(214)] [18:34:22.270] USB: usb_device_handle_win.cc:1048 Failed to read descriptor from node connection: 시스템에 부착된 장치가 작동하지 않습니다. (0x1F)
8월 09, 2022 18:34:22.271 [8516:14628:0809/183422.270:ERROR:device_event_log_impl.cc(214)] [18:34:22.271] USB: usb_device_handle_win.cc:1048 Failed to read descriptor from node connection: 시스템에 부착된 장치가 작동하지 않습니다. (0x1F)
8월 09, 2022 18:35:20.230 [8516:5220:0809/183520.230:ERROR:util.cc(127)] Can't create base directory: C:\Program Files\Google\GoogleUpdater
8월 09, 2022 19:08:31.959 [9580:4436:0809/190831.958:ERROR:device_event_log_impl.cc(214)] [19:08:31.958] USB: usb_device_handle_win.cc:1048 Failed to read descriptor from node connection: 시스템에 부착된 장치가 작동하지 않습니다. (0x1F)
8월 09, 2022 19:08:31.959 [9580:4436:0809/190831.958:ERROR:device_event_log_impl.cc(214)] [19:08:31.958] USB: usb_device_handle_win.cc:1048 Failed to read descriptor from node connection: 시스템에 부착된 장치가 작동하지 않습니다. (0x1F)
8월 09, 2022 19:08:31.959 [9580:4436:0809/190831.959:ERROR:device_event_log_impl.cc(214)] [19:08:31.959] USB: usb_device_handle_win.cc:1048 Failed to read descriptor from node connection: 시스템에 부착된 장치가 작동하지 않습니다. (0x1F)
8월 09, 2022 19:09:29.530 [9580:15056:0809/190929.529:ERROR:util.cc(127)] Can't create base directory: C:\Program Files\Google\GoogleUpdater
8월 09, 2022 19:11:31.352 [13836:13544:0809/191131.351:ERROR:device_event_log_impl.cc(214)] [19:11:31.351] USB: usb_device_handle_win.cc:1048 Failed to read descriptor from node connection: 시스템에 부착된 장치가 작동하지 않습니다. (0x1F)
8월 09, 2022 19:11:31.352 [13836:13544:0809/191131.351:ERROR:device_event_log_impl.cc(214)] [19:11:31.352] USB: usb_device_handle_win.cc:1048 Failed to read descriptor from node connection: 시스템에 부착된 장치가 작동하지 않습니다. (0x1F)
8월 09, 2022 19:11:31.352 [13836:13544:0809/191131.352:ERROR:device_event_log_impl.cc(214)] [19:11:31.352] USB: usb_device_handle_win.cc:1048 Failed to read descriptor from node connection: 시스템에 부착된 장치가 작동하지 않습니다. (0x1F)
8월 09, 2022 19:12:25.11 [14348:4136:0809/191225.011:ERROR:device_event_log_impl.cc(214)] [19:12:25.011] USB: usb_device_handle_win.cc:1048 Failed to read descriptor from node connection: 시스템에 부착된 장치가 작동하지 않습니다. (0x1F)
8월 09, 2022 19:12:25.12 [14348:4136:0809/191225.011:ERROR:device_event_log_impl.cc(214)] [19:12:25.012] USB: usb_device_handle_win.cc:1048 Failed to read descriptor from node connection: 시스템에 부착된 장치가 작동하지 않습니다. (0x1F)
8월 09, 2022 19:12:25.12 [14348:4136:0809/191225.012:ERROR:device_event_log_impl.cc(214)] [19:12:25.012] USB: usb_device_handle_win.cc:1048 Failed to read descriptor from node connection: 시스템에 부착된 장치가 작동하지 않습니다. (0x1F)
8월 09, 2022 19:13:35.556 [15032:15688:0809/191335.555:ERROR:device_event_log_impl.cc(214)] [19:13:35.555] USB: usb_device_handle_win.cc:1048 Failed to read descriptor from node connection: 시스템에 부착된 장치가 작동하지 않습니다. (0x1F)
8월 09, 2022 19:13:35.556 [15032:15688:0809/191335.556:ERROR:device_event_log_impl.cc(214)] [19:13:35.556] USB: usb_device_handle_win.cc:1048 Failed to read descriptor from node connection: 시스템에 부착된 장치가 작동하지 않습니다. (0x1F)
8월 09, 2022 19:13:35.557 [15032:15688:0809/191335.556:ERROR:device_event_log_impl.cc(214)] [19:13:35.556] USB: usb_device_handle_win.cc:1048 Failed to read descriptor from node connection: 시스템에 부착된 장치가 작동하지 않습니다. (0x1F)
8월 09, 2022 19:14:33.350 [15032:3820:0809/191433.350:ERROR:util.cc(127)] Can't create base directory: C:\Program Files\Google\GoogleUpdater
8월 09, 2022 19:23:21.971 [2384:14112:0809/192321.970:ERROR:device_event_log_impl.cc(214)] [19:23:21.970] USB: usb_device_handle_win.cc:1048 Failed to read descriptor from node connection: 시스템에 부착된 장치가 작동하지 않습니다. (0x1F)
8월 09, 2022 19:23:21.972 [2384:14112:0809/192321.971:ERROR:device_event_log_impl.cc(214)] [19:23:21.971] USB: usb_device_handle_win.cc:1048 Failed to read descriptor from node connection: 시스템에 부착된 장치가 작동하지 않습니다. (0x1F)
8월 09, 2022 19:23:21.972 [2384:14112:0809/192321.971:ERROR:device_event_log_impl.cc(214)] [19:23:21.971] USB: usb_device_handle_win.cc:1048 Failed to read descriptor from node connection: 시스템에 부착된 장치가 작동하지 않습니다. (0x1F)
8월 09, 2022 19:24:19.636 [2384:6324:0809/192419.636:ERROR:util.cc(127)] Can't create base directory: C:\Program Files\Google\GoogleUpdater
8월 09, 2022 19:33:30.842 [15300:8132:0809/193330.842:ERROR:device_event_log_impl.cc(214)] [19:33:30.842] USB: usb_device_handle_win.cc:1048 Failed to read descriptor from node connection: 시스템에 부착된 장치가 작동하지 않습니다. (0x1F)
8월 09, 2022 19:33:30.843 [15300:8132:0809/193330.842:ERROR:device_event_log_impl.cc(214)] [19:33:30.842] USB: usb_device_handle_win.cc:1048 Failed to read descriptor from node connection: 시스템에 부착된 장치가 작동하지 않습니다. (0x1F)
8월 09, 2022 19:33:30.843 [15300:8132:0809/193330.843:ERROR:device_event_log_impl.cc(214)] [19:33:30.843] USB: usb_device_handle_win.cc:1048 Failed to read descriptor from node connection: 시스템에 부착된 장치가 작동하지 않습니다. (0x1F)
8월 09, 2022 19:35:39.147 [1344:14824:0809/193539.147:ERROR:device_event_log_impl.cc(214)] [19:35:39.147] USB: usb_device_handle_win.cc:1048 Failed to read descriptor from node connection: 시스템에 부착된 장치가 작동하지 않습니다. (0x1F)
8월 09, 2022 19:35:39.148 [1344:14824:0809/193539.147:ERROR:device_event_log_impl.cc(214)] [19:35:39.148] USB: usb_device_handle_win.cc:1048 Failed to read descriptor from node connection: 시스템에 부착된 장치가 작동하지 않습니다. (0x1F)
8월 09, 2022 19:35:39.148 [1344:14824:0809/193539.148:ERROR:device_event_log_impl.cc(214)] [19:35:39.148] USB: usb_device_handle_win.cc:1048 Failed to read descriptor from node connection: 시스템에 부착된 장치가 작동하지 않습니다. (0x1F)
8월 09, 2022 19:36:37.38 [1344:1536:0809/193637.038:ERROR:util.cc(127)] Can't create base directory: C:\Program Files\Google\GoogleUpdater
8월 09, 2022 22:00:54.802 [1344:14824:0809/220054.801:ERROR:device_event_log_impl.cc(214)] [22:00:54.801] USB: usb_service_win.cc:104 SetupDiGetDeviceProperty({{A45C254E-DF1C-4EFD-8020-67D146A850E0}, 6}) failed: 요소가 없습니다. (0x490)
8월 09, 2022 22:11:30.594 [4888:13876:0809/221130.593:ERROR:device_event_log_impl.cc(214)] [22:11:30.593] USB: usb_device_handle_win.cc:1048 Failed to read descriptor from node connection: 시스템에 부착된 장치가 작동하지 않습니다. (0x1F)
8월 09, 2022 22:11:30.594 [4888:13876:0809/221130.594:ERROR:device_event_log_impl.cc(214)] [22:11:30.593] USB: usb_device_handle_win.cc:1048 Failed to read descriptor from node connection: 시스템에 부착된 장치가 작동하지 않습니다. (0x1F)
8월 09, 2022 22:11:30.594 [4888:13876:0809/221130.594:ERROR:device_event_log_impl.cc(214)] [22:11:30.593] USB: usb_device_handle_win.cc:1048 Failed to read descriptor from node connection: 시스템에 부착된 장치가 작동하지 않습니다. (0x1F)
8월 09, 2022 22:30:49.854 [14708:13332:0809/223049.854:ERROR:device_event_log_impl.cc(214)] [22:30:49.853] USB: usb_device_handle_win.cc:1048 Failed to read descriptor from node connection: 시스템에 부착된 장치가 작동하지 않습니다. (0x1F)
8월 09, 2022 22:30:49.854 [14708:13332:0809/223049.854:ERROR:device_event_log_impl.cc(214)] [22:30:49.853] USB: usb_device_handle_win.cc:1048 Failed to read descriptor from node connection: 시스템에 부착된 장치가 작동하지 않습니다. (0x1F)
8월 09, 2022 22:30:49.855 [14708:13332:0809/223049.854:ERROR:device_event_log_impl.cc(214)] [22:30:49.854] USB: usb_device_handle_win.cc:1048 Failed to read descriptor from node connection: 시스템에 부착된 장치가 작동하지 않습니다. (0x1F)
8월 09, 2022 22:31:47.625 [14708:8316:0809/223147.625:ERROR:util.cc(127)] Can't create base directory: C:\Program Files\Google\GoogleUpdater
8월 09, 2022 23:11:26.962 [15112:12884:0809/231126.962:ERROR:device_event_log_impl.cc(214)] [23:11:26.962] USB: usb_device_handle_win.cc:1048 Failed to read descriptor from node connection: 시스템에 부착된 장치가 작동하지 않습니다. (0x1F)
8월 09, 2022 23:11:26.963 [15112:12884:0809/231126.963:ERROR:device_event_log_impl.cc(214)] [23:11:26.963] USB: usb_device_handle_win.cc:1048 Failed to read descriptor from node connection: 시스템에 부착된 장치가 작동하지 않습니다. (0x1F)
8월 09, 2022 23:11:26.965 [15112:12884:0809/231126.964:ERROR:device_event_log_impl.cc(214)] [23:11:26.965] USB: usb_device_handle_win.cc:1048 Failed to read descriptor from node connection: 시스템에 부착된 장치가 작동하지 않습니다. (0x1F)
8월 09, 2022 23:11:39.677 [3460:6880:0809/231139.676:ERROR:device_event_log_impl.cc(214)] [23:11:39.676] USB: usb_device_handle_win.cc:1048 Failed to read descriptor from node connection: 시스템에 부착된 장치가 작동하지 않습니다. (0x1F)
8월 09, 2022 23:11:39.678 [3460:6880:0809/231139.677:ERROR:device_event_log_impl.cc(214)] [23:11:39.676] USB: usb_device_handle_win.cc:1048 Failed to read descriptor from node connection: 시스템에 부착된 장치가 작동하지 않습니다. (0x1F)
8월 09, 2022 23:11:39.679 [3460:6880:0809/231139.677:ERROR:device_event_log_impl.cc(214)] [23:11:39.677] USB: usb_device_handle_win.cc:1048 Failed to read descriptor from node connection: 시스템에 부착된 장치가 작동하지 않습니다. (0x1F)
8월 09, 2022 23:21:26.27 [13796:10920:0809/232126.027:ERROR:device_event_log_impl.cc(214)] [23:21:26.027] USB: usb_device_handle_win.cc:1048 Failed to read descriptor from node connection: 시스템에 부착된 장치가 작동하지 않습니다. (0x1F)
8월 09, 2022 23:21:26.28 [13796:10920:0809/232126.027:ERROR:device_event_log_impl.cc(214)] [23:21:26.027] USB: usb_device_handle_win.cc:1048 Failed to read descriptor from node connection: 시스템에 부착된 장치가 작동하지 않습니다. (0x1F)
8월 09, 2022 23:21:26.28 [13796:10920:0809/232126.027:ERROR:device_event_log_impl.cc(214)] [23:21:26.028] USB: usb_device_handle_win.cc:1048 Failed to read descriptor from node connection: 시스템에 부착된 장치가 작동하지 않습니다. (0x1F)
8월 09, 2022 23:22:23.769 [13796:14736:0809/232223.768:ERROR:util.cc(127)] Can't create base directory: C:\Program Files\Google\GoogleUpdater
8월 09, 2022 23:38:46.330 [13464:16236:0809/233846.329:ERROR:device_event_log_impl.cc(214)] [23:38:46.330] USB: usb_device_handle_win.cc:1048 Failed to read descriptor from node connection: 시스템에 부착된 장치가 작동하지 않습니다. (0x1F)
8월 09, 2022 23:38:46.330 [13464:16236:0809/233846.330:ERROR:device_event_log_impl.cc(214)] [23:38:46.330] USB: usb_device_handle_win.cc:1048 Failed to read descriptor from node connection: 시스템에 부착된 장치가 작동하지 않습니다. (0x1F)
8월 09, 2022 23:38:46.330 [13464:16236:0809/233846.330:ERROR:device_event_log_impl.cc(214)] [23:38:46.330] USB: usb_device_handle_win.cc:1048 Failed to read descriptor from node connection: 시스템에 부착된 장치가 작동하지 않습니다. (0x1F)
8월 09, 2022 23:39:44.101 [13464:11652:0809/233944.100:ERROR:util.cc(127)] Can't create base directory: C:\Program Files\Google\GoogleUpdater
8월 10, 2022 24:12:35.97 [3844:4572:0810/001235.097:ERROR:device_event_log_impl.cc(214)] [00:12:35.096] USB: usb_device_handle_win.cc:1048 Failed to read descriptor from node connection: 시스템에 부착된 장치가 작동하지 않습니다. (0x1F)
8월 10, 2022 24:12:35.97 [3844:4572:0810/001235.097:ERROR:device_event_log_impl.cc(214)] [00:12:35.096] USB: usb_device_handle_win.cc:1048 Failed to read descriptor from node connection: 시스템에 부착된 장치가 작동하지 않습니다. (0x1F)
8월 10, 2022 24:12:35.98 [3844:4572:0810/001235.097:ERROR:device_event_log_impl.cc(214)] [00:12:35.097] USB: usb_device_handle_win.cc:1048 Failed to read descriptor from node connection: 시스템에 부착된 장치가 작동하지 않습니다. (0x1F)
8월 10, 2022 01:02:07.627 [3940:13000:0810/010207.627:ERROR:device_event_log_impl.cc(214)] [01:02:07.626] USB: usb_device_handle_win.cc:1048 Failed to read descriptor from node connection: 시스템에 부착된 장치가 작동하지 않습니다. (0x1F)
8월 10, 2022 01:02:07.628 [3940:13000:0810/010207.627:ERROR:device_event_log_impl.cc(214)] [01:02:07.627] USB: usb_device_handle_win.cc:1048 Failed to read descriptor from node connection: 시스템에 부착된 장치가 작동하지 않습니다. (0x1F)
8월 10, 2022 01:02:07.629 [3940:13000:0810/010207.628:ERROR:device_event_log_impl.cc(214)] [01:02:07.627] USB: usb_device_handle_win.cc:1048 Failed to read descriptor from node connection: 시스템에 부착된 장치가 작동하지 않습니다. (0x1F)
8월 10, 2022 01:02:35.412 [1916:3252:0810/010235.411:ERROR:device_event_log_impl.cc(214)] [01:02:35.412] USB: usb_device_handle_win.cc:1048 Failed to read descriptor from node connection: 시스템에 부착된 장치가 작동하지 않습니다. (0x1F)
8월 10, 2022 01:02:35.413 [1916:3252:0810/010235.411:ERROR:device_event_log_impl.cc(214)] [01:02:35.412] USB: usb_device_handle_win.cc:1048 Failed to read descriptor from node connection: 시스템에 부착된 장치가 작동하지 않습니다. (0x1F)
8월 10, 2022 01:02:35.413 [1916:3252:0810/010235.412:ERROR:device_event_log_impl.cc(214)] [01:02:35.412] USB: usb_device_handle_win.cc:1048 Failed to read descriptor from node connection: 시스템에 부착된 장치가 작동하지 않습니다. (0x1F)
8월 10, 2022 01:09:57.867 [6740:7216:0810/010957.867:ERROR:device_event_log_impl.cc(214)] [01:09:57.867] USB: usb_device_handle_win.cc:1048 Failed to read descriptor from node connection: 시스템에 부착된 장치가 작동하지 않습니다. (0x1F)
8월 10, 2022 01:09:57.867 [6740:7216:0810/010957.867:ERROR:device_event_log_impl.cc(214)] [01:09:57.867] USB: usb_device_handle_win.cc:1048 Failed to read descriptor from node connection: 시스템에 부착된 장치가 작동하지 않습니다. (0x1F)
8월 10, 2022 01:09:57.867 [6740:7216:0810/010957.867:ERROR:device_event_log_impl.cc(214)] [01:09:57.867] USB: usb_device_handle_win.cc:1048 Failed to read descriptor from node connection: 시스템에 부착된 장치가 작동하지 않습니다. (0x1F)
8월 10, 2022 01:48:30.269 [8924:6808:0810/014830.269:ERROR:device_event_log_impl.cc(214)] [01:48:30.268] USB: usb_device_handle_win.cc:1048 Failed to read descriptor from node connection: 시스템에 부착된 장치가 작동하지 않습니다. (0x1F)
8월 10, 2022 01:48:30.269 [8924:6808:0810/014830.269:ERROR:device_event_log_impl.cc(214)] [01:48:30.269] USB: usb_device_handle_win.cc:1048 Failed to read descriptor from node connection: 시스템에 부착된 장치가 작동하지 않습니다. (0x1F)
8월 10, 2022 01:48:30.270 [8924:6808:0810/014830.270:ERROR:device_event_log_impl.cc(214)] [01:48:30.269] USB: usb_device_handle_win.cc:1048 Failed to read descriptor from node connection: 시스템에 부착된 장치가 작동하지 않습니다. (0x1F)
8월 10, 2022 01:49:27.839 [8924:11240:0810/014927.839:ERROR:util.cc(127)] Can't create base directory: C:\Program Files\Google\GoogleUpdater

8월 10, 2022 11:31:21.694 NEW SESSION
8월 10, 2022 11:31:21.694 [14608:2420:0810/113121.693:ERROR:device_event_log_impl.cc(214)] [11:31:21.692] USB: usb_device_handle_win.cc:1048 Failed to read descriptor from node connection: 시스템에 부착된 장치가 작동하지 않습니다. (0x1F)
8월 10, 2022 11:31:21.695 [14608:2420:0810/113121.693:ERROR:device_event_log_impl.cc(214)] [11:31:21.693] USB: usb_device_handle_win.cc:1048 Failed to read descriptor from node connection: 시스템에 부착된 장치가 작동하지 않습니다. (0x1F)
8월 10, 2022 11:31:21.695 [14608:2420:0810/113121.693:ERROR:device_event_log_impl.cc(214)] [11:31:21.693] USB: usb_device_handle_win.cc:1048 Failed to read descriptor from node connection: 시스템에 부착된 장치가 작동하지 않습니다. (0x1F)
8월 10, 2022 11:32:19.215 [14608:14892:0810/113219.215:ERROR:util.cc(127)] Can't create base directory: C:\Program Files\Google\GoogleUpdater
8월 10, 2022 11:43:34.547 [3588:7824:0810/114334.547:ERROR:device_event_log_impl.cc(214)] [11:43:34.547] USB: usb_device_handle_win.cc:1048 Failed to read descriptor from node connection: 시스템에 부착된 장치가 작동하지 않습니다. (0x1F)
8월 10, 2022 11:43:34.548 [3588:7824:0810/114334.547:ERROR:device_event_log_impl.cc(214)] [11:43:34.547] USB: usb_device_handle_win.cc:1048 Failed to read descriptor from node connection: 시스템에 부착된 장치가 작동하지 않습니다. (0x1F)
8월 10, 2022 11:43:34.548 [3588:7824:0810/114334.547:ERROR:device_event_log_impl.cc(214)] [11:43:34.547] USB: usb_device_handle_win.cc:1048 Failed to read descriptor from node connection: 시스템에 부착된 장치가 작동하지 않습니다. (0x1F)
8월 10, 2022 11:58:01.180 [15324:12964:0810/115801.179:ERROR:device_event_log_impl.cc(214)] [11:58:01.179] USB: usb_device_handle_win.cc:1048 Failed to read descriptor from node connection: 시스템에 부착된 장치가 작동하지 않습니다. (0x1F)
8월 10, 2022 11:58:01.181 [15324:12964:0810/115801.180:ERROR:device_event_log_impl.cc(214)] [11:58:01.180] USB: usb_device_handle_win.cc:1048 Failed to read descriptor from node connection: 시스템에 부착된 장치가 작동하지 않습니다. (0x1F)
8월 10, 2022 11:58:01.182 [15324:12964:0810/115801.180:ERROR:device_event_log_impl.cc(214)] [11:58:01.180] USB: usb_device_handle_win.cc:1048 Failed to read descriptor from node connection: 시스템에 부착된 장치가 작동하지 않습니다. (0x1F)
8월 10, 2022 11:58:59.86 [15324:4452:0810/115859.085:ERROR:util.cc(127)] Can't create base directory: C:\Program Files\Google\GoogleUpdater
8월 10, 2022 12:17:04.503 [14248:13404:0810/121704.501:ERROR:device_event_log_impl.cc(214)] [12:17:04.502] USB: usb_device_handle_win.cc:1048 Failed to read descriptor from node connection: 시스템에 부착된 장치가 작동하지 않습니다. (0x1F)
8월 10, 2022 12:17:04.503 [14248:13404:0810/121704.502:ERROR:device_event_log_impl.cc(214)] [12:17:04.502] USB: usb_device_handle_win.cc:1048 Failed to read descriptor from node connection: 시스템에 부착된 장치가 작동하지 않습니다. (0x1F)
8월 10, 2022 12:17:04.504 [14248:13404:0810/121704.503:ERROR:device_event_log_impl.cc(214)] [12:17:04.502] USB: usb_device_handle_win.cc:1048 Failed to read descriptor from node connection: 시스템에 부착된 장치가 작동하지 않습니다. (0x1F)
8월 10, 2022 12:18:02.390 [14248:13548:0810/121802.389:ERROR:util.cc(127)] Can't create base directory: C:\Program Files\Google\GoogleUpdater
8월 10, 2022 12:43:39.364 [13132:11376:0810/124339.363:ERROR:device_event_log_impl.cc(214)] [12:43:39.363] USB: usb_device_handle_win.cc:1048 Failed to read descriptor from node connection: 시스템에 부착된 장치가 작동하지 않습니다. (0x1F)
8월 10, 2022 12:43:39.365 [13132:11376:0810/124339.363:ERROR:device_event_log_impl.cc(214)] [12:43:39.363] USB: usb_device_handle_win.cc:1048 Failed to read descriptor from node connection: 시스템에 부착된 장치가 작동하지 않습니다. (0x1F)
8월 10, 2022 12:43:39.366 [13132:11376:0810/124339.364:ERROR:device_event_log_impl.cc(214)] [12:43:39.363] USB: usb_device_handle_win.cc:1048 Failed to read descriptor from node connection: 시스템에 부착된 장치가 작동하지 않습니다. (0x1F)
8월 10, 2022 12:44:37.277 [13132:7484:0810/124437.276:ERROR:util.cc(127)] Can't create base directory: C:\Program Files\Google\GoogleUpdater
8월 10, 2022 12:49:54.881 [13044:4816:0810/124954.880:ERROR:device_event_log_impl.cc(214)] [12:49:54.880] USB: usb_device_handle_win.cc:1048 Failed to read descriptor from node connection: 시스템에 부착된 장치가 작동하지 않습니다. (0x1F)
8월 10, 2022 12:49:54.881 [13044:4816:0810/124954.880:ERROR:device_event_log_impl.cc(214)] [12:49:54.880] USB: usb_device_handle_win.cc:1048 Failed to read descriptor from node connection: 시스템에 부착된 장치가 작동하지 않습니다. (0x1F)
8월 10, 2022 12:49:54.881 [13044:4816:0810/124954.881:ERROR:device_event_log_impl.cc(214)] [12:49:54.880] USB: usb_device_handle_win.cc:1048 Failed to read descriptor from node connection: 시스템에 부착된 장치가 작동하지 않습니다. (0x1F)
8월 10, 2022 12:50:52.804 [13044:11732:0810/125052.803:ERROR:util.cc(127)] Can't create base directory: C:\Program Files\Google\GoogleUpdater
8월 10, 2022 12:58:07.611 [14132:4908:0810/125807.610:ERROR:device_event_log_impl.cc(214)] [12:58:07.611] USB: usb_device_handle_win.cc:1048 Failed to read descriptor from node connection: 시스템에 부착된 장치가 작동하지 않습니다. (0x1F)
8월 10, 2022 12:58:07.611 [14132:4908:0810/125807.611:ERROR:device_event_log_impl.cc(214)] [12:58:07.611] USB: usb_device_handle_win.cc:1048 Failed to read descriptor from node connection: 시스템에 부착된 장치가 작동하지 않습니다. (0x1F)
8월 10, 2022 12:58:07.612 [14132:4908:0810/125807.611:ERROR:device_event_log_impl.cc(214)] [12:58:07.611] USB: usb_device_handle_win.cc:1048 Failed to read descriptor from node connection: 시스템에 부착된 장치가 작동하지 않습니다. (0x1F)
8월 10, 2022 12:59:05.506 [14132:7484:0810/125905.505:ERROR:util.cc(127)] Can't create base directory: C:\Program Files\Google\GoogleUpdater
8월 10, 2022 13:11:20.17 [14132:4908:0810/131120.016:ERROR:device_event_log_impl.cc(214)] [13:11:20.016] USB: usb_service_win.cc:104 SetupDiGetDeviceProperty({{A45C254E-DF1C-4EFD-8020-67D146A850E0}, 6}) failed: 요소가 없습니다. (0x490)
8월 10, 2022 13:30:36.710 [1132:11356:0810/133036.710:ERROR:device_event_log_impl.cc(214)] [13:30:36.710] USB: usb_device_handle_win.cc:1048 Failed to read descriptor from node connection: 시스템에 부착된 장치가 작동하지 않습니다. (0x1F)
8월 10, 2022 13:30:36.711 [1132:11356:0810/133036.710:ERROR:device_event_log_impl.cc(214)] [13:30:36.710] USB: usb_device_handle_win.cc:1048 Failed to read descriptor from node connection: 시스템에 부착된 장치가 작동하지 않습니다. (0x1F)
8월 10, 2022 13:30:36.712 [1132:11356:0810/133036.711:ERROR:device_event_log_impl.cc(214)] [13:30:36.710] USB: usb_device_handle_win.cc:1048 Failed to read descriptor from node connection: 시스템에 부착된 장치가 작동하지 않습니다. (0x1F)
8월 10, 2022 13:31:34.701 [1132:13516:0810/133134.700:ERROR:util.cc(127)] Can't create base directory: C:\Program Files\Google\GoogleUpdater
8월 10, 2022 14:12:00.839 [13592:13992:0810/141200.838:ERROR:device_event_log_impl.cc(214)] [14:12:00.839] USB: usb_device_handle_win.cc:1048 Failed to read descriptor from node connection: 시스템에 부착된 장치가 작동하지 않습니다. (0x1F)
8월 10, 2022 14:12:00.839 [13592:13992:0810/141200.839:ERROR:device_event_log_impl.cc(214)] [14:12:00.839] USB: usb_device_handle_win.cc:1048 Failed to read descriptor from node connection: 시스템에 부착된 장치가 작동하지 않습니다. (0x1F)
8월 10, 2022 14:12:00.839 [13592:13992:0810/141200.839:ERROR:device_event_log_impl.cc(214)] [14:12:00.839] USB: usb_device_handle_win.cc:1048 Failed to read descriptor from node connection: 시스템에 부착된 장치가 작동하지 않습니다. (0x1F)
8월 10, 2022 14:12:58.329 [13592:5816:0810/141258.329:ERROR:util.cc(127)] Can't create base directory: C:\Program Files\Google\GoogleUpdater
8월 10, 2022 15:57:38.117 [13592:13992:0810/155738.102:ERROR:device_event_log_impl.cc(214)] [15:57:38.115] USB: usb_service_win.cc:104 SetupDiGetDeviceProperty({{A45C254E-DF1C-4EFD-8020-67D146A850E0}, 6}) failed: 요소가 없습니다. (0x490)
8월 10, 2022 16:02:35.677 [15304:6840:0810/160235.677:ERROR:device_event_log_impl.cc(214)] [16:02:35.676] USB: usb_device_handle_win.cc:1048 Failed to read descriptor from node connection: 시스템에 부착된 장치가 작동하지 않습니다. (0x1F)
8월 10, 2022 16:02:35.677 [15304:6840:0810/160235.677:ERROR:device_event_log_impl.cc(214)] [16:02:35.676] USB: usb_device_handle_win.cc:1048 Failed to read descriptor from node connection: 시스템에 부착된 장치가 작동하지 않습니다. (0x1F)
8월 10, 2022 16:02:35.677 [15304:6840:0810/160235.677:ERROR:device_event_log_impl.cc(214)] [16:02:35.677] USB: usb_device_handle_win.cc:1048 Failed to read descriptor from node connection: 시스템에 부착된 장치가 작동하지 않습니다. (0x1F)
8월 10, 2022 16:05:12.982 [15868:8380:0810/160512.982:ERROR:device_event_log_impl.cc(214)] [16:05:12.982] USB: usb_device_handle_win.cc:1048 Failed to read descriptor from node connection: 시스템에 부착된 장치가 작동하지 않습니다. (0x1F)
8월 10, 2022 16:05:12.982 [15868:8380:0810/160512.982:ERROR:device_event_log_impl.cc(214)] [16:05:12.982] USB: usb_device_handle_win.cc:1048 Failed to read descriptor from node connection: 시스템에 부착된 장치가 작동하지 않습니다. (0x1F)
8월 10, 2022 16:05:12.983 [15868:8380:0810/160512.982:ERROR:device_event_log_impl.cc(214)] [16:05:12.983] USB: usb_device_handle_win.cc:1048 Failed to read descriptor from node connection: 시스템에 부착된 장치가 작동하지 않습니다. (0x1F)
8월 10, 2022 16:06:10.912 [15868:14164:0810/160610.912:ERROR:util.cc(127)] Can't create base directory: C:\Program Files\Google\GoogleUpdater
8월 10, 2022 16:08:27.272 [13252:12564:0810/160827.272:ERROR:device_event_log_impl.cc(214)] [16:08:27.272] USB: usb_device_handle_win.cc:1048 Failed to read descriptor from node connection: 시스템에 부착된 장치가 작동하지 않습니다. (0x1F)
8월 10, 2022 16:08:27.273 [13252:12564:0810/160827.272:ERROR:device_event_log_impl.cc(214)] [16:08:27.272] USB: usb_device_handle_win.cc:1048 Failed to read descriptor from node connection: 시스템에 부착된 장치가 작동하지 않습니다. (0x1F)
8월 10, 2022 16:08:27.273 [13252:12564:0810/160827.273:ERROR:device_event_log_impl.cc(214)] [16:08:27.273] USB: usb_device_handle_win.cc:1048 Failed to read descriptor from node connection: 시스템에 부착된 장치가 작동하지 않습니다. (0x1F)
8월 10, 2022 16:09:25.169 [13252:11228:0810/160925.168:ERROR:util.cc(127)] Can't create base directory: C:\Program Files\Google\GoogleUpdater
8월 10, 2022 16:13:52.454 [5984:2936:0810/161352.452:ERROR:device_event_log_impl.cc(214)] [16:13:52.453] USB: usb_device_handle_win.cc:1048 Failed to read descriptor from node connection: 시스템에 부착된 장치가 작동하지 않습니다. (0x1F)
8월 10, 2022 16:13:52.454 [5984:2936:0810/161352.453:ERROR:device_event_log_impl.cc(214)] [16:13:52.453] USB: usb_device_handle_win.cc:1048 Failed to read descriptor from node connection: 시스템에 부착된 장치가 작동하지 않습니다. (0x1F)
8월 10, 2022 16:13:52.455 [5984:2936:0810/161352.454:ERROR:device_event_log_impl.cc(214)] [16:13:52.454] USB: usb_device_handle_win.cc:1048 Failed to read descriptor from node connection: 시스템에 부착된 장치가 작동하지 않습니다. (0x1F)
8월 10, 2022 16:14:49.803 [5984:15196:0810/161449.802:ERROR:util.cc(127)] Can't create base directory: C:\Program Files\Google\GoogleUpdater
8월 10, 2022 16:19:44.416 [16380:14220:0810/161944.416:ERROR:device_event_log_impl.cc(214)] [16:19:44.417] USB: usb_device_handle_win.cc:1048 Failed to read descriptor from node connection: 시스템에 부착된 장치가 작동하지 않습니다. (0x1F)
8월 10, 2022 16:19:44.417 [16380:14220:0810/161944.416:ERROR:device_event_log_impl.cc(214)] [16:19:44.417] USB: usb_device_handle_win.cc:1048 Failed to read descriptor from node connection: 시스템에 부착된 장치가 작동하지 않습니다. (0x1F)
8월 10, 2022 16:19:44.417 [16380:14220:0810/161944.417:ERROR:device_event_log_impl.cc(214)] [16:19:44.417] USB: usb_device_handle_win.cc:1048 Failed to read descriptor from node connection: 시스템에 부착된 장치가 작동하지 않습니다. (0x1F)
8월 10, 2022 16:30:34.150 [14672:2820:0810/163034.150:ERROR:device_event_log_impl.cc(214)] [16:30:34.149] USB: usb_device_handle_win.cc:1048 Failed to read descriptor from node connection: 시스템에 부착된 장치가 작동하지 않습니다. (0x1F)
8월 10, 2022 16:30:34.151 [14672:2820:0810/163034.150:ERROR:device_event_log_impl.cc(214)] [16:30:34.150] USB: usb_device_handle_win.cc:1048 Failed to read descriptor from node connection: 시스템에 부착된 장치가 작동하지 않습니다. (0x1F)
8월 10, 2022 16:30:34.152 [14672:2820:0810/163034.150:ERROR:device_event_log_impl.cc(214)] [16:30:34.150] USB: usb_device_handle_win.cc:1048 Failed to read descriptor from node connection: 시스템에 부착된 장치가 작동하지 않습니다. (0x1F)
8월 10, 2022 16:46:08.932 [11240:15892:0810/164608.932:ERROR:device_event_log_impl.cc(214)] [16:46:08.932] USB: usb_device_handle_win.cc:1048 Failed to read descriptor from node connection: 시스템에 부착된 장치가 작동하지 않습니다. (0x1F)
8월 10, 2022 16:46:08.933 [11240:15892:0810/164608.932:ERROR:device_event_log_impl.cc(214)] [16:46:08.932] USB: usb_device_handle_win.cc:1048 Failed to read descriptor from node connection: 시스템에 부착된 장치가 작동하지 않습니다. (0x1F)
8월 10, 2022 16:46:08.933 [11240:15892:0810/164608.932:ERROR:device_event_log_impl.cc(214)] [16:46:08.932] USB: usb_device_handle_win.cc:1048 Failed to read descriptor from node connection: 시스템에 부착된 장치가 작동하지 않습니다. (0x1F)
8월 10, 2022 16:47:06.572 [11240:3732:0810/164706.556:ERROR:util.cc(127)] Can't create base directory: C:\Program Files\Google\GoogleUpdater
8월 10, 2022 17:13:07.168 [14244:16028:0810/171307.168:ERROR:device_event_log_impl.cc(214)] [17:13:07.168] USB: usb_device_handle_win.cc:1048 Failed to read descriptor from node connection: 시스템에 부착된 장치가 작동하지 않습니다. (0x1F)
8월 10, 2022 17:13:07.168 [14244:16028:0810/171307.168:ERROR:device_event_log_impl.cc(214)] [17:13:07.168] USB: usb_device_handle_win.cc:1048 Failed to read descriptor from node connection: 시스템에 부착된 장치가 작동하지 않습니다. (0x1F)
8월 10, 2022 17:13:07.168 [14244:16028:0810/171307.168:ERROR:device_event_log_impl.cc(214)] [17:13:07.168] USB: usb_device_handle_win.cc:1048 Failed to read descriptor from node connection: 시스템에 부착된 장치가 작동하지 않습니다. (0x1F)
8월 10, 2022 17:28:06.573 [10696:1748:0810/172806.572:ERROR:device_event_log_impl.cc(214)] [17:28:06.572] USB: usb_device_handle_win.cc:1048 Failed to read descriptor from node connection: 시스템에 부착된 장치가 작동하지 않습니다. (0x1F)
8월 10, 2022 17:28:06.573 [10696:1748:0810/172806.573:ERROR:device_event_log_impl.cc(214)] [17:28:06.572] USB: usb_device_handle_win.cc:1048 Failed to read descriptor from node connection: 시스템에 부착된 장치가 작동하지 않습니다. (0x1F)
8월 10, 2022 17:28:06.574 [10696:1748:0810/172806.573:ERROR:device_event_log_impl.cc(214)] [17:28:06.572] USB: usb_device_handle_win.cc:1048 Failed to read descriptor from node connection: 시스템에 부착된 장치가 작동하지 않습니다. (0x1F)
8월 10, 2022 17:29:04.487 [10696:12868:0810/172904.487:ERROR:util.cc(127)] Can't create base directory: C:\Program Files\Google\GoogleUpdater
8월 10, 2022 17:38:28.124 [14516:14488:0810/173828.124:ERROR:device_event_log_impl.cc(214)] [17:38:28.125] USB: usb_device_handle_win.cc:1048 Failed to read descriptor from node connection: 시스템에 부착된 장치가 작동하지 않습니다. (0x1F)
8월 10, 2022 17:38:28.125 [14516:14488:0810/173828.124:ERROR:device_event_log_impl.cc(214)] [17:38:28.125] USB: usb_device_handle_win.cc:1048 Failed to read descriptor from node connection: 시스템에 부착된 장치가 작동하지 않습니다. (0x1F)
8월 10, 2022 17:38:28.125 [14516:14488:0810/173828.125:ERROR:device_event_log_impl.cc(214)] [17:38:28.125] USB: usb_device_handle_win.cc:1048 Failed to read descriptor from node connection: 시스템에 부착된 장치가 작동하지 않습니다. (0x1F)
8월 10, 2022 17:39:26.03 [14516:308:0810/173926.002:ERROR:util.cc(127)] Can't create base directory: C:\Program Files\Google\GoogleUpdater
8월 10, 2022 17:55:47.190 [9312:11908:0810/175547.190:ERROR:device_event_log_impl.cc(214)] [17:55:47.190] USB: usb_device_handle_win.cc:1048 Failed to read descriptor from node connection: 시스템에 부착된 장치가 작동하지 않습니다. (0x1F)
8월 10, 2022 17:55:47.190 [9312:11908:0810/175547.190:ERROR:device_event_log_impl.cc(214)] [17:55:47.190] USB: usb_device_handle_win.cc:1048 Failed to read descriptor from node connection: 시스템에 부착된 장치가 작동하지 않습니다. (0x1F)
8월 10, 2022 17:55:47.190 [9312:11908:0810/175547.190:ERROR:device_event_log_impl.cc(214)] [17:55:47.190] USB: usb_device_handle_win.cc:1048 Failed to read descriptor from node connection: 시스템에 부착된 장치가 작동하지 않습니다. (0x1F)
8월 10, 2022 17:56:44.508 [9312:9072:0810/175644.507:ERROR:util.cc(127)] Can't create base directory: C:\Program Files\Google\GoogleUpdater
8월 10, 2022 18:38:14.122 [12452:11800:0810/183814.122:ERROR:device_event_log_impl.cc(214)] [18:38:14.122] USB: usb_device_handle_win.cc:1048 Failed to read descriptor from node connection: 시스템에 부착된 장치가 작동하지 않습니다. (0x1F)
8월 10, 2022 18:38:14.123 [12452:11800:0810/183814.122:ERROR:device_event_log_impl.cc(214)] [18:38:14.122] USB: usb_device_handle_win.cc:1048 Failed to read descriptor from node connection: 시스템에 부착된 장치가 작동하지 않습니다. (0x1F)
8월 10, 2022 18:38:14.123 [12452:11800:0810/183814.122:ERROR:device_event_log_impl.cc(214)] [18:38:14.122] USB: usb_device_handle_win.cc:1048 Failed to read descriptor from node connection: 시스템에 부착된 장치가 작동하지 않습니다. (0x1F)
8월 10, 2022 19:41:19.210 [10968:13644:0810/194119.210:ERROR:device_event_log_impl.cc(214)] [19:41:19.209] USB: usb_device_handle_win.cc:1048 Failed to read descriptor from node connection: 시스템에 부착된 장치가 작동하지 않습니다. (0x1F)
8월 10, 2022 19:41:19.213 [10968:13644:0810/194119.211:ERROR:device_event_log_impl.cc(214)] [19:41:19.211] USB: usb_device_handle_win.cc:1048 Failed to read descriptor from node connection: 시스템에 부착된 장치가 작동하지 않습니다. (0x1F)
8월 10, 2022 19:41:19.214 [10968:13644:0810/194119.211:ERROR:device_event_log_impl.cc(214)] [19:41:19.211] USB: usb_device_handle_win.cc:1048 Failed to read descriptor from node connection: 시스템에 부착된 장치가 작동하지 않습니다. (0x1F)

8월 11, 2022 14:58:38.626 NEW SESSION
8월 11, 2022 14:58:38.626 [15140:15028:0811/145838.618:ERROR:device_event_log_impl.cc(214)] [14:58:38.619] USB: usb_device_handle_win.cc:1048 Failed to read descriptor from node connection: 시스템에 부착된 장치가 작동하지 않습니다. (0x1F)
8월 11, 2022 14:58:38.627 [15140:15028:0811/145838.619:ERROR:device_event_log_impl.cc(214)] [14:58:38.619] USB: usb_device_handle_win.cc:1048 Failed to read descriptor from node connection: 시스템에 부착된 장치가 작동하지 않습니다. (0x1F)
8월 11, 2022 14:58:38.627 [15140:15028:0811/145838.619:ERROR:device_event_log_impl.cc(214)] [14:58:38.619] USB: usb_device_handle_win.cc:1048 Failed to read descriptor from node connection: 시스템에 부착된 장치가 작동하지 않습니다. (0x1F)
8월 11, 2022 14:59:36.345 [15140:464:0811/145936.345:ERROR:util.cc(127)] Can't create base directory: C:\Program Files\Google\GoogleUpdater
8월 11, 2022 15:00:12.426 [13512:12248:0811/150012.426:ERROR:device_event_log_impl.cc(214)] [15:00:12.426] USB: usb_device_handle_win.cc:1048 Failed to read descriptor from node connection: 시스템에 부착된 장치가 작동하지 않습니다. (0x1F)
8월 11, 2022 15:00:12.427 [13512:12248:0811/150012.426:ERROR:device_event_log_impl.cc(214)] [15:00:12.427] USB: usb_device_handle_win.cc:1048 Failed to read descriptor from node connection: 시스템에 부착된 장치가 작동하지 않습니다. (0x1F)
8월 11, 2022 15:00:12.428 [13512:12248:0811/150012.427:ERROR:device_event_log_impl.cc(214)] [15:00:12.427] USB: usb_device_handle_win.cc:1048 Failed to read descriptor from node connection: 시스템에 부착된 장치가 작동하지 않습니다. (0x1F)
8월 11, 2022 15:01:10.112 [13512:6180:0811/150110.112:ERROR:util.cc(127)] Can't create base directory: C:\Program Files\Google\GoogleUpdater
8월 11, 2022 15:47:57.798 [1984:14464:0811/154757.798:ERROR:device_event_log_impl.cc(214)] [15:47:57.798] USB: usb_device_handle_win.cc:1048 Failed to read descriptor from node connection: 시스템에 부착된 장치가 작동하지 않습니다. (0x1F)
8월 11, 2022 15:47:57.799 [1984:14464:0811/154757.798:ERROR:device_event_log_impl.cc(214)] [15:47:57.798] USB: usb_device_handle_win.cc:1048 Failed to read descriptor from node connection: 시스템에 부착된 장치가 작동하지 않습니다. (0x1F)
8월 11, 2022 15:47:57.799 [1984:14464:0811/154757.799:ERROR:device_event_log_impl.cc(214)] [15:47:57.798] USB: usb_device_handle_win.cc:1048 Failed to read descriptor from node connection: 시스템에 부착된 장치가 작동하지 않습니다. (0x1F)
8월 11, 2022 15:48:55.756 [1984:6620:0811/154855.756:ERROR:util.cc(127)] Can't create base directory: C:\Program Files\Google\GoogleUpdater
8월 11, 2022 16:04:23.340 [11436:5724:0811/160423.340:ERROR:device_event_log_impl.cc(214)] [16:04:23.340] USB: usb_device_handle_win.cc:1048 Failed to read descriptor from node connection: 시스템에 부착된 장치가 작동하지 않습니다. (0x1F)
8월 11, 2022 16:04:23.340 [11436:5724:0811/160423.340:ERROR:device_event_log_impl.cc(214)] [16:04:23.340] USB: usb_device_handle_win.cc:1048 Failed to read descriptor from node connection: 시스템에 부착된 장치가 작동하지 않습니다. (0x1F)
8월 11, 2022 16:04:23.342 [11436:5724:0811/160423.340:ERROR:device_event_log_impl.cc(214)] [16:04:23.340] USB: usb_device_handle_win.cc:1048 Failed to read descriptor from node connection: 시스템에 부착된 장치가 작동하지 않습니다. (0x1F)
8월 11, 2022 16:05:21.332 [11436:108:0811/160521.331:ERROR:util.cc(127)] Can't create base directory: C:\Program Files\Google\GoogleUpdater
8월 11, 2022 16:09:32.946 [568:12176:0811/160932.946:ERROR:device_event_log_impl.cc(214)] [16:09:32.946] USB: usb_device_handle_win.cc:1048 Failed to read descriptor from node connection: 시스템에 부착된 장치가 작동하지 않습니다. (0x1F)
8월 11, 2022 16:09:32.949 [568:12176:0811/160932.948:ERROR:device_event_log_impl.cc(214)] [16:09:32.948] USB: usb_device_handle_win.cc:1048 Failed to read descriptor from node connection: 시스템에 부착된 장치가 작동하지 않습니다. (0x1F)
8월 11, 2022 16:09:32.950 [568:12176:0811/160932.949:ERROR:device_event_log_impl.cc(214)] [16:09:32.949] USB: usb_device_handle_win.cc:1048 Failed to read descriptor from node connection: 시스템에 부착된 장치가 작동하지 않습니다. (0x1F)
8월 11, 2022 16:10:30.817 [568:7440:0811/161030.817:ERROR:util.cc(127)] Can't create base directory: C:\Program Files\Google\GoogleUpdater
8월 11, 2022 16:14:28.128 [4828:16304:0811/161428.128:ERROR:device_event_log_impl.cc(214)] [16:14:28.128] USB: usb_device_handle_win.cc:1048 Failed to read descriptor from node connection: 시스템에 부착된 장치가 작동하지 않습니다. (0x1F)
8월 11, 2022 16:14:28.129 [4828:16304:0811/161428.128:ERROR:device_event_log_impl.cc(214)] [16:14:28.129] USB: usb_device_handle_win.cc:1048 Failed to read descriptor from node connection: 시스템에 부착된 장치가 작동하지 않습니다. (0x1F)
8월 11, 2022 16:14:28.130 [4828:16304:0811/161428.128:ERROR:device_event_log_impl.cc(214)] [16:14:28.129] USB: usb_device_handle_win.cc:1048 Failed to read descriptor from node connection: 시스템에 부착된 장치가 작동하지 않습니다. (0x1F)
8월 11, 2022 16:14:36.369 [14808:1048:0811/161436.368:ERROR:device_event_log_impl.cc(214)] [16:14:36.368] USB: usb_device_handle_win.cc:1048 Failed to read descriptor from node connection: 시스템에 부착된 장치가 작동하지 않습니다. (0x1F)
8월 11, 2022 16:14:36.369 [14808:1048:0811/161436.369:ERROR:device_event_log_impl.cc(214)] [16:14:36.368] USB: usb_device_handle_win.cc:1048 Failed to read descriptor from node connection: 시스템에 부착된 장치가 작동하지 않습니다. (0x1F)
8월 11, 2022 16:14:36.370 [14808:1048:0811/161436.369:ERROR:device_event_log_impl.cc(214)] [16:14:36.368] USB: usb_device_handle_win.cc:1048 Failed to read descriptor from node connection: 시스템에 부착된 장치가 작동하지 않습니다. (0x1F)
8월 11, 2022 16:31:00.235 [5476:14580:0811/163100.235:ERROR:device_event_log_impl.cc(214)] [16:31:00.235] USB: usb_device_handle_win.cc:1048 Failed to read descriptor from node connection: 시스템에 부착된 장치가 작동하지 않습니다. (0x1F)
8월 11, 2022 16:31:00.236 [5476:14580:0811/163100.235:ERROR:device_event_log_impl.cc(214)] [16:31:00.236] USB: usb_device_handle_win.cc:1048 Failed to read descriptor from node connection: 시스템에 부착된 장치가 작동하지 않습니다. (0x1F)
8월 11, 2022 16:31:00.236 [5476:14580:0811/163100.235:ERROR:device_event_log_impl.cc(214)] [16:31:00.236] USB: usb_device_handle_win.cc:1048 Failed to read descriptor from node connection: 시스템에 부착된 장치가 작동하지 않습니다. (0x1F)
8월 11, 2022 16:46:49.743 [15664:15916:0811/164649.743:ERROR:device_event_log_impl.cc(214)] [16:46:49.743] USB: usb_device_handle_win.cc:1048 Failed to read descriptor from node connection: 시스템에 부착된 장치가 작동하지 않습니다. (0x1F)
8월 11, 2022 16:46:49.743 [15664:15916:0811/164649.743:ERROR:device_event_log_impl.cc(214)] [16:46:49.743] USB: usb_device_handle_win.cc:1048 Failed to read descriptor from node connection: 시스템에 부착된 장치가 작동하지 않습니다. (0x1F)
8월 11, 2022 16:46:49.744 [15664:15916:0811/164649.743:ERROR:device_event_log_impl.cc(214)] [16:46:49.744] USB: usb_device_handle_win.cc:1048 Failed to read descriptor from node connection: 시스템에 부착된 장치가 작동하지 않습니다. (0x1F)
8월 11, 2022 16:47:47.653 [15664:14428:0811/164747.652:ERROR:util.cc(127)] Can't create base directory: C:\Program Files\Google\GoogleUpdater
8월 11, 2022 17:07:22.209 [16036:9200:0811/170722.209:ERROR:device_event_log_impl.cc(214)] [17:07:22.208] USB: usb_device_handle_win.cc:1048 Failed to read descriptor from node connection: 시스템에 부착된 장치가 작동하지 않습니다. (0x1F)
8월 11, 2022 17:07:22.211 [16036:9200:0811/170722.209:ERROR:device_event_log_impl.cc(214)] [17:07:22.209] USB: usb_device_handle_win.cc:1048 Failed to read descriptor from node connection: 시스템에 부착된 장치가 작동하지 않습니다. (0x1F)
8월 11, 2022 17:07:22.211 [16036:9200:0811/170722.210:ERROR:device_event_log_impl.cc(214)] [17:07:22.209] USB: usb_device_handle_win.cc:1048 Failed to read descriptor from node connection: 시스템에 부착된 장치가 작동하지 않습니다. (0x1F)
8월 11, 2022 17:08:20.85 [16036:10448:0811/170820.085:ERROR:util.cc(127)] Can't create base directory: C:\Program Files\Google\GoogleUpdater
8월 11, 2022 17:42:02.834 [7120:16100:0811/174202.834:ERROR:device_event_log_impl.cc(214)] [17:42:02.833] USB: usb_device_handle_win.cc:1048 Failed to read descriptor from node connection: 시스템에 부착된 장치가 작동하지 않습니다. (0x1F)
8월 11, 2022 17:42:02.835 [7120:16100:0811/174202.834:ERROR:device_event_log_impl.cc(214)] [17:42:02.834] USB: usb_device_handle_win.cc:1048 Failed to read descriptor from node connection: 시스템에 부착된 장치가 작동하지 않습니다. (0x1F)
8월 11, 2022 17:42:02.836 [7120:16100:0811/174202.835:ERROR:device_event_log_impl.cc(214)] [17:42:02.834] USB: usb_device_handle_win.cc:1048 Failed to read descriptor from node connection: 시스템에 부착된 장치가 작동하지 않습니다. (0x1F)
8월 11, 2022 18:17:42.989 [15772:10764:0811/181742.988:ERROR:device_event_log_impl.cc(214)] [18:17:42.988] USB: usb_device_handle_win.cc:1048 Failed to read descriptor from node connection: 시스템에 부착된 장치가 작동하지 않습니다. (0x1F)
8월 11, 2022 18:17:42.989 [15772:10764:0811/181742.989:ERROR:device_event_log_impl.cc(214)] [18:17:42.988] USB: usb_device_handle_win.cc:1048 Failed to read descriptor from node connection: 시스템에 부착된 장치가 작동하지 않습니다. (0x1F)
8월 11, 2022 18:17:42.990 [15772:10764:0811/181742.989:ERROR:device_event_log_impl.cc(214)] [18:17:42.989] USB: usb_device_handle_win.cc:1048 Failed to read descriptor from node connection: 시스템에 부착된 장치가 작동하지 않습니다. (0x1F)
8월 11, 2022 18:59:57.153 [7656:1960:0811/185957.153:ERROR:device_event_log_impl.cc(214)] [18:59:57.153] USB: usb_device_handle_win.cc:1048 Failed to read descriptor from node connection: 시스템에 부착된 장치가 작동하지 않습니다. (0x1F)
8월 11, 2022 18:59:57.154 [7656:1960:0811/185957.153:ERROR:device_event_log_impl.cc(214)] [18:59:57.153] USB: usb_device_handle_win.cc:1048 Failed to read descriptor from node connection: 시스템에 부착된 장치가 작동하지 않습니다. (0x1F)
8월 11, 2022 18:59:57.154 [7656:1960:0811/185957.154:ERROR:device_event_log_impl.cc(214)] [18:59:57.154] USB: usb_device_handle_win.cc:1048 Failed to read descriptor from node connection: 시스템에 부착된 장치가 작동하지 않습니다. (0x1F)
8월 11, 2022 19:06:16.306 [7404:4692:0811/190616.306:ERROR:device_event_log_impl.cc(214)] [19:06:16.306] USB: usb_device_handle_win.cc:1048 Failed to read descriptor from node connection: 시스템에 부착된 장치가 작동하지 않습니다. (0x1F)
8월 11, 2022 19:06:16.307 [7404:4692:0811/190616.306:ERROR:device_event_log_impl.cc(214)] [19:06:16.307] USB: usb_device_handle_win.cc:1048 Failed to read descriptor from node connection: 시스템에 부착된 장치가 작동하지 않습니다. (0x1F)
8월 11, 2022 19:06:16.307 [7404:4692:0811/190616.307:ERROR:device_event_log_impl.cc(214)] [19:06:16.307] USB: usb_device_handle_win.cc:1048 Failed to read descriptor from node connection: 시스템에 부착된 장치가 작동하지 않습니다. (0x1F)
8월 11, 2022 19:07:14.245 [7404:13732:0811/190714.244:ERROR:util.cc(127)] Can't create base directory: C:\Program Files\Google\GoogleUpdater

8월 12, 2022 15:06:25.159 NEW SESSION
8월 12, 2022 15:06:25.159 [4848:14972:0812/150625.150:ERROR:device_event_log_impl.cc(214)] [15:06:25.150] USB: usb_device_handle_win.cc:1048 Failed to read descriptor from node connection: 시스템에 부착된 장치가 작동하지 않습니다. (0x1F)
8월 12, 2022 15:06:25.160 [4848:14972:0812/150625.150:ERROR:device_event_log_impl.cc(214)] [15:06:25.150] USB: usb_device_handle_win.cc:1048 Failed to read descriptor from node connection: 시스템에 부착된 장치가 작동하지 않습니다. (0x1F)
8월 12, 2022 15:06:25.161 [4848:14972:0812/150625.151:ERROR:device_event_log_impl.cc(214)] [15:06:25.151] USB: usb_device_handle_win.cc:1048 Failed to read descriptor from node connection: 시스템에 부착된 장치가 작동하지 않습니다. (0x1F)
8월 12, 2022 15:16:32.226 [11664:10620:0812/151632.226:ERROR:device_event_log_impl.cc(214)] [15:16:32.226] USB: usb_device_handle_win.cc:1048 Failed to read descriptor from node connection: 시스템에 부착된 장치가 작동하지 않습니다. (0x1F)
8월 12, 2022 15:16:32.227 [11664:10620:0812/151632.226:ERROR:device_event_log_impl.cc(214)] [15:16:32.226] USB: usb_device_handle_win.cc:1048 Failed to read descriptor from node connection: 시스템에 부착된 장치가 작동하지 않습니다. (0x1F)
8월 12, 2022 15:16:32.227 [11664:10620:0812/151632.226:ERROR:device_event_log_impl.cc(214)] [15:16:32.226] USB: usb_device_handle_win.cc:1048 Failed to read descriptor from node connection: 시스템에 부착된 장치가 작동하지 않습니다. (0x1F)
8월 12, 2022 15:18:05.274 [7380:7772:0812/151805.273:ERROR:device_event_log_impl.cc(214)] [15:18:05.273] USB: usb_device_handle_win.cc:1048 Failed to read descriptor from node connection: 시스템에 부착된 장치가 작동하지 않습니다. (0x1F)
8월 12, 2022 15:18:05.274 [7380:7772:0812/151805.274:ERROR:device_event_log_impl.cc(214)] [15:18:05.273] USB: usb_device_handle_win.cc:1048 Failed to read descriptor from node connection: 시스템에 부착된 장치가 작동하지 않습니다. (0x1F)
8월 12, 2022 15:18:05.275 [7380:7772:0812/151805.274:ERROR:device_event_log_impl.cc(214)] [15:18:05.273] USB: usb_device_handle_win.cc:1048 Failed to read descriptor from node connection: 시스템에 부착된 장치가 작동하지 않습니다. (0x1F)
8월 12, 2022 16:25:04.622 [16116:12364:0812/162504.621:ERROR:device_event_log_impl.cc(214)] [16:25:04.622] USB: usb_device_handle_win.cc:1048 Failed to read descriptor from node connection: 시스템에 부착된 장치가 작동하지 않습니다. (0x1F)
8월 12, 2022 16:25:04.623 [16116:12364:0812/162504.622:ERROR:device_event_log_impl.cc(214)] [16:25:04.622] USB: usb_device_handle_win.cc:1048 Failed to read descriptor from node connection: 시스템에 부착된 장치가 작동하지 않습니다. (0x1F)
8월 12, 2022 16:25:04.624 [16116:12364:0812/162504.622:ERROR:device_event_log_impl.cc(214)] [16:25:04.622] USB: usb_device_handle_win.cc:1048 Failed to read descriptor from node connection: 시스템에 부착된 장치가 작동하지 않습니다. (0x1F)
8월 12, 2022 16:26:01.777 [16116:2432:0812/162601.777:ERROR:util.cc(127)] Can't create base directory: C:\Program Files\Google\GoogleUpdater
8월 12, 2022 16:47:21.807 [3160:11280:0812/164721.806:ERROR:device_event_log_impl.cc(214)] [16:47:21.806] USB: usb_device_handle_win.cc:1048 Failed to read descriptor from node connection: 시스템에 부착된 장치가 작동하지 않습니다. (0x1F)
8월 12, 2022 16:47:21.808 [3160:11280:0812/164721.807:ERROR:device_event_log_impl.cc(214)] [16:47:21.807] USB: usb_device_handle_win.cc:1048 Failed to read descriptor from node connection: 시스템에 부착된 장치가 작동하지 않습니다. (0x1F)
8월 12, 2022 16:47:21.808 [3160:11280:0812/164721.807:ERROR:device_event_log_impl.cc(214)] [16:47:21.807] USB: usb_device_handle_win.cc:1048 Failed to read descriptor from node connection: 시스템에 부착된 장치가 작동하지 않습니다. (0x1F)
8월 12, 2022 16:48:19.176 [3160:13704:0812/164819.175:ERROR:util.cc(127)] Can't create base directory: C:\Program Files\Google\GoogleUpdater
8월 12, 2022 17:23:38.733 [11768:7700:0812/172338.733:ERROR:device_event_log_impl.cc(214)] [17:23:38.732] USB: usb_device_handle_win.cc:1048 Failed to read descriptor from node connection: 시스템에 부착된 장치가 작동하지 않습니다. (0x1F)
8월 12, 2022 17:23:38.733 [11768:7700:0812/172338.733:ERROR:device_event_log_impl.cc(214)] [17:23:38.733] USB: usb_device_handle_win.cc:1048 Failed to read descriptor from node connection: 시스템에 부착된 장치가 작동하지 않습니다. (0x1F)
8월 12, 2022 17:23:38.734 [11768:7700:0812/172338.733:ERROR:device_event_log_impl.cc(214)] [17:23:38.733] USB: usb_device_handle_win.cc:1048 Failed to read descriptor from node connection: 시스템에 부착된 장치가 작동하지 않습니다. (0x1F)
8월 12, 2022 17:24:36.648 [11768:5348:0812/172436.648:ERROR:util.cc(127)] Can't create base directory: C:\Program Files\Google\GoogleUpdater
8월 12, 2022 18:00:24.496 [11928:15232:0812/180024.495:ERROR:device_event_log_impl.cc(214)] [18:00:24.495] USB: usb_device_handle_win.cc:1048 Failed to read descriptor from node connection: 시스템에 부착된 장치가 작동하지 않습니다. (0x1F)
8월 12, 2022 18:00:24.497 [11928:15232:0812/180024.495:ERROR:device_event_log_impl.cc(214)] [18:00:24.495] USB: usb_device_handle_win.cc:1048 Failed to read descriptor from node connection: 시스템에 부착된 장치가 작동하지 않습니다. (0x1F)
8월 12, 2022 18:00:24.497 [11928:15232:0812/180024.496:ERROR:device_event_log_impl.cc(214)] [18:00:24.496] USB: usb_device_handle_win.cc:1048 Failed to read descriptor from node connection: 시스템에 부착된 장치가 작동하지 않습니다. (0x1F)
8월 12, 2022 18:01:21.893 [11928:12084:0812/180121.892:ERROR:util.cc(127)] Can't create base directory: C:\Program Files\Google\GoogleUpdater
8월 12, 2022 18:20:29.299 [15576:15260:0812/182029.299:ERROR:device_event_log_impl.cc(214)] [18:20:29.298] USB: usb_device_handle_win.cc:1048 Failed to read descriptor from node connection: 시스템에 부착된 장치가 작동하지 않습니다. (0x1F)
8월 12, 2022 18:20:29.300 [15576:15260:0812/182029.299:ERROR:device_event_log_impl.cc(214)] [18:20:29.298] USB: usb_device_handle_win.cc:1048 Failed to read descriptor from node connection: 시스템에 부착된 장치가 작동하지 않습니다. (0x1F)
8월 12, 2022 18:20:29.300 [15576:15260:0812/182029.300:ERROR:device_event_log_impl.cc(214)] [18:20:29.299] USB: usb_device_handle_win.cc:1048 Failed to read descriptor from node connection: 시스템에 부착된 장치가 작동하지 않습니다. (0x1F)
8월 12, 2022 18:21:26.995 [15576:8072:0812/182126.994:ERROR:util.cc(127)] Can't create base directory: C:\Program Files\Google\GoogleUpdater

8월 12, 2022 19:11:07.656 NEW SESSION
8월 12, 2022 19:11:07.656 [7240:12456:0812/191107.652:ERROR:device_event_log_impl.cc(214)] [19:11:07.653] USB: usb_device_handle_win.cc:1048 Failed to read descriptor from node connection: 시스템에 부착된 장치가 작동하지 않습니다. (0x1F)
8월 12, 2022 19:11:07.657 [7240:12456:0812/191107.654:ERROR:device_event_log_impl.cc(214)] [19:11:07.654] USB: usb_device_handle_win.cc:1048 Failed to read descriptor from node connection: 시스템에 부착된 장치가 작동하지 않습니다. (0x1F)
8월 12, 2022 19:11:07.657 [7240:12456:0812/191107.654:ERROR:device_event_log_impl.cc(214)] [19:11:07.654] USB: usb_device_handle_win.cc:1048 Failed to read descriptor from node connection: 시스템에 부착된 장치가 작동하지 않습니다. (0x1F)
